Start auto log messages stack - Iteration 1.	[MsgId: MMSG-10545]
Action.c(111): Detected non-resource "http://localhost:1080/cgi-bin/itinerary.pl" in "http://localhost:1080/cgi-bin/welcome.pl?page=itinerary"  	[MsgId: MMSG-26574]
Action.c(111): Resource "http://localhost:1080/WebTours/images/flights.gif" is in the cache already and will not be downloaded again  	[MsgId: MMSG-26655]
Action.c(111): Found resource "http://localhost:1080/WebTours/images/in_itinerary.gif" in HTML "http://localhost:1080/cgi-bin/nav.pl?page=menu&in=itinerary"  	[MsgId: MMSG-26659]
Action.c(111): Found resource "http://localhost:1080/WebTours/images/home.gif" in HTML "http://localhost:1080/cgi-bin/nav.pl?page=menu&in=itinerary"  	[MsgId: MMSG-26659]
Action.c(111): Resource "http://localhost:1080/WebTours/images/signoff.gif" is in the cache already and will not be downloaded again  	[MsgId: MMSG-26655]
Action.c(111): Error -35049: No match found for the requested parameter "flightID". Check whether the requested regular expression exists in the response data  	[MsgId: MERR-35049]
End auto log messages stack.	[MsgId: MMSG-10544]


Start auto log messages stack - Iteration 364.	[MsgId: MMSG-10545]
Action.c(56): web_remove/revert_auto_header("Upgrade-Insecure-Requests") was successful  	[MsgId: MMSG-26392]
Action.c(58): web_add_header("Origin") started  	[MsgId: MMSG-26355]
Action.c(58): web_add_header("Origin") was successful  	[MsgId: MMSG-26392]
Action.c(61): web_add_auto_header("Sec-Fetch-Site") started  	[MsgId: MMSG-26355]
Action.c(61): web_add_auto_header("Sec-Fetch-Site") was successful  	[MsgId: MMSG-26392]
Action.c(64): web_add_auto_header("Sec-Fetch-User") started  	[MsgId: MMSG-26355]
Action.c(64): web_add_auto_header("Sec-Fetch-User") was successful  	[MsgId: MMSG-26392]
Action.c(67): lr_think_time: 5,00 seconds.	[MsgId: MMSG-15948]
Action.c(69): web_submit_data("login.pl") started  	[MsgId: MMSG-26355]
Action.c(69): Error -26612: HTTP Status-Code=500 (Internal Server Error) for "http://localhost:1080/cgi-bin/login.pl"  	[MsgId: MERR-26612]
End auto log messages stack.	[MsgId: MMSG-10544]


