Action.c(138):     Accept-Ranges: bytes\r\n
Action.c(138):     Content-Length: 688\r\n
Action.c(138):     Keep-Alive: timeout=5, max=100\r\n
Action.c(138):     Connection: Keep-Alive\r\n
Action.c(138):     Content-Type: image/gif\r\n
Action.c(138):     \r\n
Action.c(138): t=6133214ms: 688-byte response body for "http://localhost:1080/WebTours/images/in_home.gif" (RelFrameId=, Internal ID=783)
Action.c(138): t=6133214ms: Request done "http://localhost:1080/WebTours/images/in_home.gif"  	[MsgId: MMSG-26000]
Action.c(138): t=6133214ms: 298-byte response headers for "http://localhost:1080/WebTours/images/signoff.gif" (RelFrameId=, Internal ID=784)
Action.c(138):     HTTP/1.1 200 OK\r\n
Action.c(138):     Date: Mon, 12 Feb 2024 11:38:28 GMT\r\n
Action.c(138):     Server: Apache/2.2.21 (Win32)\r\n
Action.c(138):     Last-Modified: Thu, 12 Jan 2012 13:30:27 GMT\r\n
Action.c(138):     ETag: "200000004c471-2ef-4b654c052c2c0"\r\n
Action.c(138):     Accept-Ranges: bytes\r\n
Action.c(138):     Content-Length: 751\r\n
Action.c(138):     Keep-Alive: timeout=5, max=100\r\n
Action.c(138):     Connection: Keep-Alive\r\n
Action.c(138):     Content-Type: image/gif\r\n
Action.c(138):     \r\n
Action.c(138): t=6133214ms: 751-byte response body for "http://localhost:1080/WebTours/images/signoff.gif" (RelFrameId=, Internal ID=784)
Action.c(138): t=6133214ms: Request done "http://localhost:1080/WebTours/images/signoff.gif"  	[MsgId: MMSG-26000]
Action.c(138): t=6133214ms: 229-byte response headers for "http://localhost:1080/cgi-bin/login.pl?intro=true" (RelFrameId=1.2, Internal ID=780)
Action.c(138):     HTTP/1.1 200 OK\r\n
Action.c(138):     Date: Mon, 12 Feb 2024 11:38:28 GMT\r\n
Action.c(138):     Server: Apache/2.2.21 (Win32)\r\n
Action.c(138):     Expires: 5s\r\n
Action.c(138):     Keep-Alive: timeout=5, max=100\r\n
Action.c(138):     Connection: Keep-Alive\r\n
Action.c(138):     Transfer-Encoding: chunked\r\n
Action.c(138):     Content-Type: text/html; charset=ISO-8859-1\r\n
Action.c(138):     \r\n
Action.c(138): t=6133214ms: 5-byte chunked response overhead for "http://localhost:1080/cgi-bin/login.pl?intro=true" (RelFrameId=1.2, Internal ID=780)
Action.c(138):     39b\r\n
Action.c(138): t=6133214ms: 2-byte chunked response overhead for "http://localhost:1080/cgi-bin/login.pl?intro=true" (RelFrameId=1.2, Internal ID=780)
Action.c(138):     \r\n
Action.c(138): t=6133214ms: 923-byte chunked response body for "http://localhost:1080/cgi-bin/login.pl?intro=true" (RelFrameId=1.2, Internal ID=780)
Action.c(138):     <!DOCTYPE html\n
Action.c(138):     \tPUBLIC "-//W3C//DTD XHTML 1.0 Transitional//EN"\n
Action.c(138):     \t "http://www.w3.org/TR/xhtml1/DTD/xhtml1-transitional.dtd">\n
Action.c(138):     <html xmlns="http://www.w3.org/1999/xhtml" lang="en-US" xml:lang="en-US">\n
Action.c(138):     <head>\n
Action.c(138):     <title>Welcome to Web Tours</title>\n
Action.c(138):     <meta http-equiv="Content-Type" content="text/html; charset=iso-8859-1" />\n
Action.c(138):     </head>\n
Action.c(138):     <body bgcolor="#E0E7F1">\n
Action.c(138):     <p /><style>blockquote {font-family: tahoma; font-size : 10pt}H1 {font-family: tahoma; fon
Action.c(138):     t-size : 22pt; color: #993333}small {font-family: tahoma; font-size : 8pt}H3 {font-family:
Action.c(138):      tahoma; font-size : 10pt; color: black}TD {font-family: tahoma; font-size : 10pt; color: 
Action.c(138):     black}</style><BR/><BR/><BR/><BR/><BR/><blockquote>Welcome, <b>VQLLLVMEO</b>, to the Web T
Action.c(138):     ours reservation pages.<BR/>Using the menu to the left, you can search for new flights to 
Action.c(138):     book, \n
Action.c(138):     or review/edit the flights already booked.  Don't forget to sign off when\n
Action.c(138):     you're done!\n
Action.c(138):     </blockquote>\n
Action.c(138):     </body>\n
Action.c(138):     </html>
Action.c(138): t=6133215ms: 5-byte chunked response overhead for "http://localhost:1080/cgi-bin/login.pl?intro=true" (RelFrameId=1.2, Internal ID=780)
Action.c(138):     0\r\n
Action.c(138):     \r\n
Action.c(138): t=6133215ms: Request done "http://localhost:1080/cgi-bin/login.pl?intro=true"  	[MsgId: MMSG-26000]
Action.c(138): t=6133235ms: 297-byte response headers for "http://localhost:1080/WebTours/images/flights.gif" (RelFrameId=, Internal ID=781)
Action.c(138):     HTTP/1.1 200 OK\r\n
Action.c(138):     Date: Mon, 12 Feb 2024 11:38:29 GMT\r\n
Action.c(138):     Server: Apache/2.2.21 (Win32)\r\n
Action.c(138):     Last-Modified: Thu, 12 Jan 2012 13:30:27 GMT\r\n
Action.c(138):     ETag: "200000004c461-2d6-4b654c052c2c0"\r\n
Action.c(138):     Accept-Ranges: bytes\r\n
Action.c(138):     Content-Length: 726\r\n
Action.c(138):     Keep-Alive: timeout=5, max=98\r\n
Action.c(138):     Connection: Keep-Alive\r\n
Action.c(138):     Content-Type: image/gif\r\n
Action.c(138):     \r\n
Action.c(138): t=6133235ms: 726-byte response body for "http://localhost:1080/WebTours/images/flights.gif" (RelFrameId=, Internal ID=781)
Action.c(138): t=6133235ms: Request done "http://localhost:1080/WebTours/images/flights.gif"  	[MsgId: MMSG-26000]
Action.c(138): web_url("button_next.gif") was successful, 5899 body bytes, 1891 header bytes, 36 chunking overhead bytes  	[MsgId: MMSG-26385]
Action.c(147): Notify: Transaction "ContinueAfterReg" ended with a "Pass" status (Duration: 0,1155).	[MsgId: MMSG-16873]
Action.c(149): Notify: Transaction "UC6_Register_New_Users" ended with a "Pass" status (Duration: 13,2376 Think Time: 13,0013 Wasted Time: 0,0000).	[MsgId: MMSG-16870]
Ending action Action.	[MsgId: MMSG-15918]
Action was aborted.	[MsgId: MMSG-10694]
Ending Vuser...	[MsgId: MMSG-15966]
Starting action vuser_end.	[MsgId: MMSG-15919]
Ending action vuser_end.	[MsgId: MMSG-15918]
Vuser Terminated.	[MsgId: MMSG-15963]
Action.c(105): t=6133236ms: Closed connection [0] to localhost:1080 after completing 3 request(s)  	[MsgId: MMSG-26000]
Action.c(105): t=6133236ms: Closed connection [1] to localhost:1080 after completing 1 request(s)  	[MsgId: MMSG-26000]
Action.c(105): t=6133236ms: Closed connection [2] to localhost:1080 after completing 1 request(s)  	[MsgId: MMSG-26000]
Action.c(105): t=6133236ms: Closed connection [3] to localhost:1080 after completing 1 request(s)  	[MsgId: MMSG-26000]
Action.c(105): t=6133236ms: Closed connection [4] to localhost:1080 after completing 1 request(s)  	[MsgId: MMSG-26000]
Action.c(105): t=6133236ms: Closed connection [5] to localhost:1080 after completing 1 request(s)  	[MsgId: MMSG-26000]
HTML-Mode memory management statistics: Reusable=6, NonReusable=0, CsMemBlockSize=4096, checks disabled  	[MsgId: MMSG-26000]
Vuser 9 (thread 22068), ended OK."	[MsgId: MMSG-10695]
