Virtual User Script started at: 03.02.2024 21:10:07
Starting action vuser_init.
Web Turbo Replay of LoadRunner 2020.0.0 for Windows 10; build 793 (ноя 27 2019 19:51:20)  	[MsgId: MMSG-26983]
Run mode: HTML  	[MsgId: MMSG-26993]
Replay user agent: Mozilla/5.0 (compatible; MSIE 10.0; Windows NT 6.1; Trident/6.0)  	[MsgId: MMSG-26988]
Runtime Settings file: "C:\Users\Andrey.Home-PC\Documents\VuGen\Scripts\bookFlight\\default.cfg"  	[MsgId: MMSG-27141]
Ending action vuser_init.
Running Vuser...
Starting iteration 1.
Maximum number of concurrent connections per server: 6  	[MsgId: MMSG-26989]
Starting action Action.
Action.c(4): Notify: Transaction "UC3_Book_Flights" started.
Action.c(6): Notify: Transaction "go_to_WebTours" started.
Action.c(9): web_add_auto_header("Sec-Fetch-Dest") started  	[MsgId: MMSG-26355]
Action.c(9): web_add_auto_header("Sec-Fetch-Dest") was successful  	[MsgId: MMSG-26392]
Action.c(12): web_add_auto_header("Sec-Fetch-Site") started  	[MsgId: MMSG-26355]
Action.c(12): web_add_auto_header("Sec-Fetch-Site") was successful  	[MsgId: MMSG-26392]
Action.c(15): web_add_auto_header("Sec-Fetch-Mode") started  	[MsgId: MMSG-26355]
Action.c(15): web_add_auto_header("Sec-Fetch-Mode") was successful  	[MsgId: MMSG-26392]
Action.c(18): web_add_auto_header("DNT") started  	[MsgId: MMSG-26355]
Action.c(18): web_add_auto_header("DNT") was successful  	[MsgId: MMSG-26392]
Action.c(21): web_add_auto_header("Upgrade-Insecure-Requests") started  	[MsgId: MMSG-26355]
Action.c(21): web_add_auto_header("Upgrade-Insecure-Requests") was successful  	[MsgId: MMSG-26392]
Action.c(25): web_reg_save_param_attrib started  	[MsgId: MMSG-26355]
Action.c(25): Registering web_reg_save_param_attrib was successful  	[MsgId: MMSG-26390]
Action.c(37): web_reg_find started  	[MsgId: MMSG-26355]
Action.c(37): Registering web_reg_find was successful  	[MsgId: MMSG-26390]
Action.c(39): web_url("WebTours") started  	[MsgId: MMSG-26355]
Action.c(39): Detected non-resource "http://localhost:1080/WebTours/header.html" in "http://localhost:1080/WebTours/"  	[MsgId: MMSG-26574]
Action.c(39): Detected non-resource "http://localhost:1080/cgi-bin/welcome.pl?signOff=true" in "http://localhost:1080/WebTours/"  	[MsgId: MMSG-26574]
Action.c(39): Found resource "http://localhost:1080/WebTours/images/hp_logo.png" in HTML "http://localhost:1080/WebTours/header.html"  	[MsgId: MMSG-26659]
Action.c(39): Found resource "http://localhost:1080/WebTours/images/webtours.png" in HTML "http://localhost:1080/WebTours/header.html"  	[MsgId: MMSG-26659]
Action.c(39): Detected non-resource "http://localhost:1080/cgi-bin/nav.pl?in=home" in "http://localhost:1080/cgi-bin/welcome.pl?signOff=true"  	[MsgId: MMSG-26574]
Action.c(39): Detected non-resource "http://localhost:1080/WebTours/home.html" in "http://localhost:1080/cgi-bin/welcome.pl?signOff=true"  	[MsgId: MMSG-26574]
Action.c(39): Found resource "http://localhost:1080/WebTours/images/mer_login.gif" in HTML "http://localhost:1080/cgi-bin/nav.pl?in=home"  	[MsgId: MMSG-26659]
Action.c(39): Registered web_reg_find successful for "Text=Welcome to the Web Tours site." (count=1)  	[MsgId: MMSG-26364]
Action.c(39): web_url("WebTours") was successful, 10080 body bytes, 2371 header bytes, 24 chunking overhead bytes  	[MsgId: MMSG-26385]
Action.c(49): Notify: Transaction "go_to_WebTours" ended with a "Pass" status (Duration: 0,1908 Wasted Time: 0,0540).
Action.c(53): Notify: Transaction "Login" started.
Action.c(55): web_set_sockets_option started  	[MsgId: MMSG-26355]
Action.c(55): web_set_sockets_option was successful  	[MsgId: MMSG-26392]
Action.c(57): web_add_auto_header("Sec-Fetch-Dest") started  	[MsgId: MMSG-26355]
Action.c(57): web_add_auto_header("Sec-Fetch-Dest") was successful  	[MsgId: MMSG-26392]
Action.c(60): web_remove_auto_header("Upgrade-Insecure-Requests") started  	[MsgId: MMSG-26355]
Action.c(60): Previous automatically added web header for "Upgrade-Insecure-Requests" removed  	[MsgId: MMSG-26587]
Action.c(60): web_remove/revert_auto_header("Upgrade-Insecure-Requests") was successful  	[MsgId: MMSG-26392]
Action.c(62): web_add_header("Origin") started  	[MsgId: MMSG-26355]
Action.c(62): web_add_header("Origin") was successful  	[MsgId: MMSG-26392]
Action.c(65): web_add_auto_header("Sec-Fetch-Site") started  	[MsgId: MMSG-26355]
Action.c(65): web_add_auto_header("Sec-Fetch-Site") was successful  	[MsgId: MMSG-26392]
Action.c(68): web_add_auto_header("Sec-Fetch-User") started  	[MsgId: MMSG-26355]
Action.c(68): web_add_auto_header("Sec-Fetch-User") was successful  	[MsgId: MMSG-26392]
Action.c(73): web_reg_find started  	[MsgId: MMSG-26355]
Action.c(73): Registering web_reg_find was successful  	[MsgId: MMSG-26390]
Action.c(75): web_submit_data("login.pl") started  	[MsgId: MMSG-26355]
Action.c(75): Detected non-resource "http://localhost:1080/cgi-bin/nav.pl?page=menu&in=home" in "http://localhost:1080/cgi-bin/login.pl"  	[MsgId: MMSG-26574]
Action.c(75): Detected non-resource "http://localhost:1080/cgi-bin/login.pl?intro=true" in "http://localhost:1080/cgi-bin/login.pl"  	[MsgId: MMSG-26574]
Action.c(75): Found resource "http://localhost:1080/WebTours/images/flights.gif" in HTML "http://localhost:1080/cgi-bin/nav.pl?page=menu&in=home"  	[MsgId: MMSG-26659]
Action.c(75): Found resource "http://localhost:1080/WebTours/images/itinerary.gif" in HTML "http://localhost:1080/cgi-bin/nav.pl?page=menu&in=home"  	[MsgId: MMSG-26659]
Action.c(75): Found resource "http://localhost:1080/WebTours/images/in_home.gif" in HTML "http://localhost:1080/cgi-bin/nav.pl?page=menu&in=home"  	[MsgId: MMSG-26659]
Action.c(75): Found resource "http://localhost:1080/WebTours/images/signoff.gif" in HTML "http://localhost:1080/cgi-bin/nav.pl?page=menu&in=home"  	[MsgId: MMSG-26659]
Action.c(75): Registered web_reg_find successful for "Text=User password was correct" (count=1)  	[MsgId: MMSG-26364]
Action.c(75): web_submit_data("login.pl") was successful, 5781 body bytes, 2052 header bytes, 36 chunking overhead bytes  	[MsgId: MMSG-26385]
Action.c(92): Notify: Transaction "Login" ended with a "Pass" status (Duration: 0,1179 Wasted Time: 0,0040).
Action.c(96): Notify: Transaction "go_to_FlightsPage" started.
Action.c(98): web_remove_auto_header("Sec-Fetch-User") started  	[MsgId: MMSG-26355]
Action.c(98): Previous automatically added web header for "Sec-Fetch-User" removed  	[MsgId: MMSG-26587]
Action.c(98): web_remove/revert_auto_header("Sec-Fetch-User") was successful  	[MsgId: MMSG-26392]
Action.c(100): web_add_auto_header("Upgrade-Insecure-Requests") started  	[MsgId: MMSG-26355]
Action.c(100): web_add_auto_header("Upgrade-Insecure-Requests") was successful  	[MsgId: MMSG-26392]
Action.c(104): web_reg_save_param_ex started  	[MsgId: MMSG-26355]
Action.c(104): Registering web_reg_save_param_ex was successful  	[MsgId: MMSG-26390]
Action.c(111): web_url("Search Flights Button") started  	[MsgId: MMSG-26355]
Action.c(111): Detected non-resource "http://localhost:1080/cgi-bin/nav.pl?page=menu&in=flights" in "http://localhost:1080/cgi-bin/welcome.pl?page=search"  	[MsgId: MMSG-26574]
Action.c(111): Detected non-resource "http://localhost:1080/cgi-bin/reservations.pl?page=welcome" in "http://localhost:1080/cgi-bin/welcome.pl?page=search"  	[MsgId: MMSG-26574]
Action.c(111): Found resource "http://localhost:1080/WebTours/images/in_flights.gif" in HTML "http://localhost:1080/cgi-bin/nav.pl?page=menu&in=flights"  	[MsgId: MMSG-26659]
Action.c(111): Resource "http://localhost:1080/WebTours/images/itinerary.gif" is in the cache already and will not be downloaded again  	[MsgId: MMSG-26655]
Action.c(111): Found resource "http://localhost:1080/WebTours/images/home.gif" in HTML "http://localhost:1080/cgi-bin/nav.pl?page=menu&in=flights"  	[MsgId: MMSG-26659]
Action.c(111): Resource "http://localhost:1080/WebTours/images/signoff.gif" is in the cache already and will not be downloaded again  	[MsgId: MMSG-26655]
Action.c(111): Found resource "http://localhost:1080/WebTours/images/button_next.gif" in HTML "http://localhost:1080/cgi-bin/reservations.pl?page=welcome"  	[MsgId: MMSG-26659]
Action.c(111): web_url("Search Flights Button") was successful, 8516 body bytes, 1616 header bytes, 43 chunking overhead bytes  	[MsgId: MMSG-26385]
Action.c(128): Notify: Transaction "go_to_FlightsPage" ended with a "Pass" status (Duration: 0,1309 Wasted Time: 0,0041).
Action.c(130): Notify: Transaction "ticket_Search" started.
Action.c(132): web_add_auto_header("Origin") started  	[MsgId: MMSG-26355]
Action.c(132): web_add_auto_header("Origin") was successful  	[MsgId: MMSG-26392]
Action.c(135): web_add_auto_header("Sec-Fetch-User") started  	[MsgId: MMSG-26355]
Action.c(135): web_add_auto_header("Sec-Fetch-User") was successful  	[MsgId: MMSG-26392]
Action.c(138): web_reg_find started  	[MsgId: MMSG-26355]
Action.c(138): Registering web_reg_find was successful  	[MsgId: MMSG-26390]
Action.c(140): web_reg_save_param started  	[MsgId: MMSG-26355]
Action.c(140): Registering web_reg_save_param was successful  	[MsgId: MMSG-26390]
Action.c(147): web_reg_find started  	[MsgId: MMSG-26355]
Action.c(147): Registering web_reg_find was successful  	[MsgId: MMSG-26390]
Action.c(149): web_submit_data("reservations.pl") started  	[MsgId: MMSG-26355]
Action.c(149): Resource "http://localhost:1080/WebTours/images/button_next.gif" is in the cache already and will not be downloaded again  	[MsgId: MMSG-26655]
Action.c(149): Registered web_reg_find successful for "Text=Find Flight" (count=1)  	[MsgId: MMSG-26364]
Action.c(149): Registered web_reg_find successful for "Text=Flight departing from <B>Los Angeles</B> to <B>Sydney</B> on <B>02/04/2024</B>" (count=1)  	[MsgId: MMSG-26364]
Action.c(149): web_submit_data("reservations.pl") was successful, 2458 body bytes, 255 header bytes, 12 chunking overhead bytes  	[MsgId: MMSG-26385]
Action.c(173): Notify: Transaction "ticket_Search" ended with a "Pass" status (Duration: 0,0679 Wasted Time: 0,0026).
Action.c(177): Notify: Transaction "choose_Ticket" started.
Action.c(179): web_reg_find started  	[MsgId: MMSG-26355]
Action.c(179): Registering web_reg_find was successful  	[MsgId: MMSG-26390]
Action.c(181): web_submit_data("reservations.pl_2") started  	[MsgId: MMSG-26355]
Action.c(181): Resource "http://localhost:1080/WebTours/images/button_next.gif" is in the cache already and will not be downloaded again  	[MsgId: MMSG-26655]
Action.c(181): Registered web_reg_find successful for "Text=Payment Details" (count=1)  	[MsgId: MMSG-26364]
Action.c(181): web_submit_data("reservations.pl_2") was successful, 2742 body bytes, 255 header bytes, 12 chunking overhead bytes  	[MsgId: MMSG-26385]
Action.c(199): Notify: Transaction "choose_Ticket" ended with a "Pass" status (Duration: 0,0739 Wasted Time: 0,0027).
Action.c(202): Notify: Transaction "payment_Details" started.
Action.c(204): web_remove_auto_header("Origin") started  	[MsgId: MMSG-26355]
Action.c(204): Previous automatically added web header for "Origin" removed  	[MsgId: MMSG-26587]
Action.c(204): web_remove/revert_auto_header("Origin") was successful  	[MsgId: MMSG-26392]
Action.c(206): web_remove_auto_header("Sec-Fetch-User") started  	[MsgId: MMSG-26355]
Action.c(206): Previous automatically added web header for "Sec-Fetch-User" removed  	[MsgId: MMSG-26587]
Action.c(206): web_remove/revert_auto_header("Sec-Fetch-User") was successful  	[MsgId: MMSG-26392]
Action.c(208): web_remove_auto_header("Upgrade-Insecure-Requests") started  	[MsgId: MMSG-26355]
Action.c(208): Previous automatically added web header for "Upgrade-Insecure-Requests" removed  	[MsgId: MMSG-26587]
Action.c(208): web_remove/revert_auto_header("Upgrade-Insecure-Requests") was successful  	[MsgId: MMSG-26392]
Action.c(210): web_add_header("Origin") started  	[MsgId: MMSG-26355]
Action.c(210): web_add_header("Origin") was successful  	[MsgId: MMSG-26392]
Action.c(213): web_add_auto_header("Sec-Fetch-User") started  	[MsgId: MMSG-26355]
Action.c(213): web_add_auto_header("Sec-Fetch-User") was successful  	[MsgId: MMSG-26392]
Action.c(218): web_reg_find started  	[MsgId: MMSG-26355]
Action.c(218): Registering web_reg_find was successful  	[MsgId: MMSG-26390]
Action.c(219): web_reg_find started  	[MsgId: MMSG-26355]
Action.c(219): Registering web_reg_find was successful  	[MsgId: MMSG-26390]
Action.c(221): web_submit_data("reservations.pl_3") started  	[MsgId: MMSG-26355]
Action.c(221): Found resource "http://localhost:1080/WebTours/images/bookanother.gif" in HTML "http://localhost:1080/cgi-bin/reservations.pl"  	[MsgId: MMSG-26659]
Action.c(221): Registered web_reg_find successful for "Text=Invoice" (count=2)  	[MsgId: MMSG-26364]
Action.c(221): Registered web_reg_find successful for "Text=Los Angeles to Sydney." (count=1)  	[MsgId: MMSG-26364]
Action.c(221): web_submit_data("reservations.pl_3") was successful, 3293 body bytes, 679 header bytes, 12 chunking overhead bytes  	[MsgId: MMSG-26385]
Action.c(250): Notify: Transaction "payment_Details" ended with a "Pass" status (Duration: 0,0738 Wasted Time: 0,0031).
Action.c(253): Notify: Transaction "logout" started.
Action.c(255): web_remove_auto_header("Sec-Fetch-User") started  	[MsgId: MMSG-26355]
Action.c(255): Previous automatically added web header for "Sec-Fetch-User" removed  	[MsgId: MMSG-26587]
Action.c(255): web_remove/revert_auto_header("Sec-Fetch-User") was successful  	[MsgId: MMSG-26392]
Action.c(257): web_add_header("Upgrade-Insecure-Requests") started  	[MsgId: MMSG-26355]
Action.c(257): web_add_header("Upgrade-Insecure-Requests") was successful  	[MsgId: MMSG-26392]
Action.c(262): web_reg_find started  	[MsgId: MMSG-26355]
Action.c(262): Registering web_reg_find was successful  	[MsgId: MMSG-26390]
Action.c(264): web_url("SignOff Button") started  	[MsgId: MMSG-26355]
Action.c(264): Detected non-resource "http://localhost:1080/cgi-bin/nav.pl?in=home" in "http://localhost:1080/cgi-bin/welcome.pl?signOff=1"  	[MsgId: MMSG-26574]
Action.c(264): Detected non-resource "http://localhost:1080/WebTours/home.html" in "http://localhost:1080/cgi-bin/welcome.pl?signOff=1"  	[MsgId: MMSG-26574]
Action.c(264): Retrieving data from cache for "http://localhost:1080/WebTours/home.html"  	[MsgId: MMSG-26558]
Action.c(264): Resource "http://localhost:1080/WebTours/images/mer_login.gif" is in the cache already and will not be downloaded again  	[MsgId: MMSG-26655]
Action.c(264): Registered web_reg_find successful for "Text=Welcome to the Web Tours site." (count=1)  	[MsgId: MMSG-26364]
Action.c(264): web_url("SignOff Button") was successful, 2174 body bytes, 582 header bytes, 24 chunking overhead bytes  	[MsgId: MMSG-26385]
Action.c(274): Notify: Transaction "logout" ended with a "Pass" status (Duration: 0,0979 Wasted Time: 0,0031).
Action.c(277): Notify: Transaction "UC3_Book_Flights" ended with a "Pass" status (Duration: 0,7697 Wasted Time: 0,0735).
Ending action Action.
Ending iteration 1.
Ending Vuser...
Starting action vuser_end.
Ending action vuser_end.
Vuser Terminated.
