Action.c(103):     <TR bgcolor="#EFF2F7">\n
Action.c(103):       <TD width="5%" rowspan="2" align="left" valign="top">\n
Action.c(103):     <b>\n
Action.c(103):     <label><input type="checkbox" name="310" value="on" /></label></font></b>\n
Action.c(103):     <input type="hidden" name="flightID" value="329200415-238478-PD"  />\n
Action.c(103):       </TD>\n
Action.c(103):       <TD width="45%" valign="top">\n
Action.c(103):           <b>&nbsp;&nbsp;A Economy class ticket for :</b><br/>\n
Action.c(103):           <center><table border="0" width="85%"><tr><td>\n
Action.c(103):           <li><i> Pluto Dog\n
Action.c(103):           <li><i></i>\n
Action.c(103):           </td></tr></table></center>\n
Action.c(103):       </TD>\n
Action.c(103):       <TD width="5%" >.<br/>.<br/>.<br/>.</TD>\n
Action.c(103):       <TD width="45%" valign=top><b>Invoice sent to:</b><br/>\n
Action.c(103):           <center>\n
Action.c(103):           <Table width="80%" cellspacing="0" > <tr> <td>\n
Action.c(103):               Pluto Dog\n
Action.c(103):     <br/>\n
Action.c(103):               100DoghouseLn.<br/>\n
Action.c(103):               Dogville<br/>\n
Action.c(103):               <br/>\n
Action.c(103):               Total Charge: $ 214 <BR/> (CC: x-8888)\n
Action.c(103):           </td> </tr> </table>\n
Action.c(103):           </center>\n
Action.c(103):       </TD>\n
Action.c(103):     </TR>\n
Action.c(103):     <TR bgcolor="#EFF2F7">\n
Action.c(103):       <TD COLSPAN="3">\n
Action.c(103):       <b>Flight Details:</b><BR/>  <center>\n
Action.c(103):       02/12/2024\n
Action.c(103):      :  1pm : Flight 411 leaves Paris  for Frankfurt.<br>  </center>\n
Action.c(103):       </TD>\n
Action.c(103):     </TR>\n
Action.c(103):     \n
Action.c(103):     <TR bgcolor="#EFF2F7">\n
Action.c(103):       <TD COLSPAN="4">\n
Action.c(103):       <hr/>\n
Action.c(103):       </TD>\n
Action.c(103):     </TR>\n
Action.c(103):     \n
Action.c(103):     <!-- Flight #1 -->\n
Action.c(103):     <TR bgcolor="#EFF2F7">\n
Action.c(103):       <TD width="5%" rowspan="2" align="left" valign="top">\n
Action.c(103):     <b>\n
Action.c(103):     <label><input type="checkbox" name="311" value="on" /></label></font></b>\n
Action.c(103):     <input type="hidden" name="flightID" value="329207807-239292-PD"  />\n
Action.c(103):       </TD>\n
Action.c(103):       <TD width="45%" valign="top">\n
Action.c(103):           <b>&nbsp;&nbsp;A Economy class ticket for :</b><br/>\n
Action.c(103):           <center><table border="0" width="85%"><tr><td>\n
Action.c(103):           <li><i> Pluto Dog\n
Action.c(103):           <li><i></i>\n
Action.c(103):           </td></tr></table></center>\n
Action.c(103):       </TD>\n
Action.c(103):       <TD width="5%" >.<br/>.<br/>.<br/>.</TD>\n
Action.c(103):       <TD width="45%" valign=top><b>Invoice sent to:</b><br/>\n
Action.c(103):           <center>\n
Action.c(103):           <Table width="80%" cellspacing="0" > <tr> <td>\n
Action.c(103):               Pluto Dog\n
Action.c(103):     <br/>\n
Action.c(103):               100DoghouseLn.<br/>\n
Action.c(103):               Dogville<br/>\n
Action.c(103):               <br/>\n
Action.c(103):               Total Charge: $ 808 <BR/> (CC: x-8888)\n
Action.c(103):           </td> </tr> </table>\n
Action.c(103):           </center>\n
Action.c(103):       </TD>\n
Action.c(103):     </TR>\n
Action.c(103):     <TR bgcolor="#EFF2F7">\n
Action.c(103):       <TD COLSPAN="3">\n
Action.c(103):       <b>Flight Details:</b><BR/>  <center>\n
Action.c(103):       02/12/2024\n
Action.c(103):      :  8am : Flight 610 leaves San Francisco  for Frankfurt.<br>  </center>\n
Action.c(103):       </TD>\n
Action.c(103):     </TR>\n
Action.c(103):     \n
Action.c(103):     <TR bgcolor="#EFF2F7">\n
Action.c(103):       <TD COLSPAN="4">\n
Action.c(103):       <hr/>\n
Action.c(103):       </TD>\n
Action.c(103):     </TR>\n
Action.c(103):     \n
Action.c(103):     <!-- Flight #1 -->\n
Action.c(103):     <TR bgcolor="#EFF2F7">\n
Action.c(103):       <TD width="5%" rowspan="2" align="left" valign="top">\n
Action.c(103):     <b>\n
Action.c(103):     <label><input type="checkbox" name="312" value="on" /></label></font></b>\n
Action.c(103):     <input type="hidden" name="flightID" value="329207807-240062-PD"  />\n
Action.c(103):       </TD>\n
Action.c(103):       <TD width="45%" valign="top">\n
Action.c(103):           <b>&nbsp;&nbsp;A Economy class ticket for :</b><br/>\n
Action.c(103):           <center><table border="0" width="85%"><tr><td>\n
Action.c(103):           <li><i> Pluto Dog\n
Action.c(103):           <li><i></i>\n
Action.c(103):           </td></tr></table></center>\n
Action.c(103):       </TD>\n
Action.c(103):       <TD width="5%" >.<br/>.<br/>.<br/>.</TD>\n
Action.c(103):       <TD width="45%" valign=top><b>Invoice sent to:</b><br/>\n
Action.c(103):           <center>\n
Action.c(103):           <Table width="80%" cellspacing="0" > <tr> <td>\n
Action.c(103):               Pluto Dog\n
Action.c(103):     <br/>\n
Action.c(103):               100DoghouseLn.<br/>\n
Action.c(103):               Dogville<br/>\n
Action.c(103):               <br/>\n
Action.c(103):               Total Charge: $ 808 <BR/> (CC: x-8888)\n
Action.c(103):           </td> </tr> </table>\n
Action.c(103):           </center>\n
Action.c(103):       </TD>\n
Action.c(103):     </TR>\n
Action.c(103):     <TR bgcolor="#EFF2F7">\n
Action.c(103):       <TD COLSPAN="3">\n
Action.c(103):       <b>Flight Details:</b><BR/>  <center>\n
Action.c(103):       02/12/2024\n
Action.c(103):      :  8am : Flight 610 leaves San Francisco  for Frankfurt.<br>  </center>\n
Action.c(103):       </TD>\n
Action.c(103):     </TR>\n
Action.c(103):     \n
Action.c(103):     <TR bgcolor="#EFF2F7">\n
Action.c(103):       <TD COLSPAN="4">\n
Action.c(103):       <hr/>\n
Action.c(103):       </TD>\n
Action.c(103):     </TR>\n
Action.c(103):     \n
Action.c(103):     <!-- Flight #1 -->\n
Action.c(103):     <TR bgcolor="#EFF2F7">\n
Action.c(103):       <TD width="5%" rowspan="2" align="left" valign="top">\n
Action.c(103):     <b>\n
Action.c(103):     <label><input type="checkbox" name="313" value="on" /></label></font></b>\n
Action.c(103):     <input type="hidden" name="flightID" value="329207807-240831-PD"  />\n
Action.c(103):       </TD>\n
Action.c(103):       <TD width="45%" valign="top">\n
Action.c(103):           <b>&nbsp;&nbsp;A Economy class ticket for :</b><br/>\n
Action.c(103):           <center><table border="0" width="85%"><tr><td>\n
Action.c(103):           <li><i> Pluto Dog\n
Action.c(103):           <li><i></i>\n
Action.c(103):           </td></tr></table></center>\n
Action.c(103):       </TD>\n
Action.c(103):       <TD width="5%" >.<br/>.<br/>.<br/>.</TD>\n
Action.c(103):       <TD width="45%" valign=top><b>Invoice sent to:</b><br/>\n
Action.c(103):           <center>\n
Action.c(103):           <Table width="80%" cellspacing="0" > <tr> <td>\n
Action.c(103):               Pluto Dog\n
Action.c(103):     <br/>\n
Action.c(103):               100DoghouseLn.<br/>\n
Action.c(103):               Dogville<br/>\n
Action.c(103):               <br/>\n
Action.c(103):               Total Charge: $ 808 <BR/> (CC: x-8888)\n
Action.c(103):           </td> </tr> </table>\n
Action.c(103):           </center>\n
Action.c(103):       </TD>\n
Action.c(103):     </TR>\n
Action.c(103):     <TR bgcolor="#EFF2F7">\n
Action.c(103):       <TD COLSPAN="3">\n
Action.c(103):       <b>Flight Details:</b><BR/>  <center>\n
Action.c(103):       02/12/2024\n
Action.c(103):      :  8am : Flight 610 leaves San Francisco  for Frankfurt.<br>  </center>\n
Action.c(103):       </TD>\n
Action.c(103):     </TR>\n
Action.c(103):     \n
Action.c(103):     <TR bgcolor="#EFF2F7">\n
Action.c(103):       <TD COLSPAN="4">\n
Action.c(103):       <hr/>\n
Action.c(103):       </TD>\n
Action.c(103):     </TR>\n
Action.c(103):     <TR>\n
Action.c(103):        <TD align="center" COLSPAN="4">\n
Action.c(103):        <b>A total of 313 scheduled flights.</font></b>\n
Action.c(103):        </TD>\n
Action.c(103):     </TR>\n
Action.c(103):     </TABLE>\n
Action.c(103):     \n
Action.c(103):     <TABLE WIDTH="87%" BORDER="0" CELLSPACING="0">\n
Action.c(103):     <TR>\n
Action.c(103):     <TD align="left" width="50%" >\n
Action.c(103):     <input type="image" name="removeFlights" src="/WebTours/images/cancelreservation.gif" bord
Action.c(103):     er="0" /></TD>\n
Action.c(103):     <TD align="right" width="50%" >\n
Action.c(103):     <input type="image" name="removeAllFlights" src="/WebTours/images/cancelallreservations.gi
Action.c(103):     f" border="0" /></TD>\n
Action.c(103):     </TABLE>\n
Action.c(103):     \n
Action.c(103):     <div><input type="hidden" name=".cgifields" value="127"  /><input type="hidden" name=".cgi
Action.c(103):     fields" value="32"  /><input type="hidden" name=".cgifields" value="276"  /><input type="h
Action.c(103):     idden" name=".cgifields" value="90"  /><input type="hidden" name=".cgifields" value="206" 
Action.c(103):      /><input type="hidden" name=".cgifields" value="118"  /><input type="hidden" name=".cgifi
Action.c(103):     elds" value="71"  /><input type="hidden" name=".cgifields" value="102"  /><input type="hid
Action.c(103):     den" name=".cgifields" value="16"  /><input type="hidden" name=".cgifields" value="55"  />
Action.c(103):     <input type="hidden" name=".cgifields" value="84"  /><input type="hidden" name=".cgifields
Action.c(103):     " value="233"  /><input type="hidden" name=".cgifields" value="259"  /><input type="hidden
Action.c(103):     " name=".cgifields" value="194"  /><input type="hidden" name=".cgifields" value="57"  /><i
Action.c(103):     nput type="hidden" name=".cgifields" value="220"  /><input type="hidden" name=".cgifields"
Action.c(103):      value="163"  /><input type="hidden" name=".cgifields" value="89"  /><input type="hidden" 
Action.c(103):     name=".cgifields" value="175"  /><input type="hidden" name=".cgifields" value="31"  /><inp
Action.c(103):     ut type="hidden" name=".cgifields" value="35"  /><input type="hidden" name=".cgifields" va
Action.c(103):     lue="11"  /><input type="hidden" name=".cgifields" value="208"  /><input type="hidden" nam
Action.c(103):     e=".cgifields" value="93"  /><input type="hidden" name=".cgifields" value="292"  /><input 
Action.c(103):     type="hidden" name=".cgifields" value="29"  /><input type="hidden" name=".cgifields" value
Action.c(103):     ="291"  /><input type="hidden" name=".cgifields" value="199"  /><input type="hidden" name=
Action.c(103):     ".cgifields" value="114"  /><input type="hidden" name=".cgifields" value="226"  /><input t
Action.c(103):     ype="hidden" name=".cgifields" value="58"  /><input type="hidden" name=".cgifields" value=
Action.c(103):     "211"  /><input type="hidden" name=".cgifields" value="153"  /><input type="hidden" name="
Action.c(103):     .cgifields" value="15"  /><input type="hidden" name=".cgifields" value="101"  /><input typ
Action.c(103):     e="hidden" name=".cgifields" value="73"  /><input type="hidden" name=".cgifields" value="7
Action.c(103):     6"  /><input type="hidden" name=".cgifields" value="311"  /><input type="hidden" name=".cg
Action.c(103):     ifields" value="62"  /><input type="hidden" name=".cgifields" value="67"  /><input type="h
Action.c(103):     idden" name=".cgifields" value="241"  /><input type="hidden" name=".cgifields" value="198"
Action.c(103):       /><input type="hidden" name=".cgifields" value="139"  /><input type="hidden" name=".cgif
Action.c(103):     ields" value="129"  /><input type="hidden" name=".cgifields" value="280"  /><input type="h
Action.c(103):     idden" name=".cgifields" value="273"  /><input type="hidden" name=".cgifields" value="236"
Action.c(103):       /><input type="hidden" name=".cgifields" value="249"  /><input type="hidden" name=".cgif
Action.c(103):     ields" value="218"  /><input type="hidden" name=".cgifields" value="202"  /><input type="h
Action.c(103):     idden" name=".cgifields" value="168"  /><input type="hidden" name=".cgifields" value="184"
Action.c(103):       /><input type="hidden" name=".cgifields" value="135"  /><input type="hidden" name=".cgif
Action.c(103):     ields" value="14"  /><input type="hidden" name=".cgifields" value="145"  /><input type="hi
Action.c(103):     dden" name=".cgifields" value="49"  /><input type="hidden" name=".cgifields" value="178"  
Action.c(103):     /><input type="hidden" name=".cgifields" value="24"  /><input type="hidden" name=".cgifiel
Action.c(103):     ds" value="285"  /><input type="hidden" name=".cgifields" value="140"  /><input type="hidd
Action.c(103):     en" name=".cgifields" value="124"  /><input type="hidden" name=".cgifields" value="104"  /
Action.c(103):     ><input type="hidden" name=".cgifields" value="131"  /><input type="hidden" name=".cgifiel
Action.c(103):     ds" value="181"  /><input type="hidden" name=".cgifield
Action.c(103): Found resource "http://localhost:1080/WebTours/images/cancelreservation.gif" in HTML "http://localhost:1080/cgi-bin/itinerary.pl"  	[MsgId: MMSG-26659]
Action.c(103): Found resource "http://localhost:1080/WebTours/images/cancelallreservations.gif" in HTML "http://localhost:1080/cgi-bin/itinerary.pl"  	[MsgId: MMSG-26659]
Action.c(103): t=6128547ms: 12287-byte chunked response body for "http://localhost:1080/cgi-bin/itinerary.pl" (RelFrameId=1.2, Internal ID=888)
Action.c(103):     s" value="234"  /><input type="hidden" name=".cgifields" value="307"  /><input type="hidde
Action.c(103):     n" name=".cgifields" value="154"  /><input type="hidden" name=".cgifields" value="23"  /><
Action.c(103):     input type="hidden" name=".cgifields" value="96"  /><input type="hidden" name=".cgifields"
Action.c(103):      value="159"  /><input type="hidden" name=".cgifields" value="160"  /><input type="hidden"
Action.c(103):      name=".cgifields" value="47"  /><input type="hidden" name=".cgifields" value="8"  /><inpu
Action.c(103):     t type="hidden" name=".cgifields" value="98"  /><input type="hidden" name=".cgifields" val
Action.c(103):     ue="37"  /><input type="hidden" name=".cgifields" value="43"  /><input type="hidden" name=
Action.c(103):     ".cgifields" value="270"  /><input type="hidden" name=".cgifields" value="195"  /><input t
Action.c(103):     ype="hidden" name=".cgifields" value="5"  /><input type="hidden" name=".cgifields" value="
Action.c(103):     21"  /><input type="hidden" name=".cgifields" value="288"  /><input type="hidden" name=".c
Action.c(103):     gifields" value="193"  /><input type="hidden" name=".cgifields" value="119"  /><input type
Action.c(103):     ="hidden" name=".cgifields" value="180"  /><input type="hidden" name=".cgifields" value="2
Action.c(103):     44"  /><input type="hidden" name=".cgifields" value="162"  /><input type="hidden" name=".c
Action.c(103):     gifields" value="246"  /><input type="hidden" name=".cgifields" value="240"  /><input type
Action.c(103):     ="hidden" name=".cgifields" value="74"  /><input type="hidden" name=".cgifields" value="61
Action.c(103):     "  /><input type="hidden" name=".cgifields" value="230"  /><input type="hidden" name=".cgi
Action.c(103):     fields" value="299"  /><input type="hidden" name=".cgifields" value="115"  /><input type="
Action.c(103):     hidden" name=".cgifields" value="103"  /><input type="hidden" name=".cgifields" value="201
Action.c(103):     "  /><input type="hidden" name=".cgifields" value="113"  /><input type="hidden" name=".cgi
Action.c(103):     fields" value="152"  /><input type="hidden" name=".cgifields" value="189"  /><input type="
Action.c(103):     hidden" name=".cgifields" value="295"  /><input type="hidden" name=".cgifields" value="266
Action.c(103):     "  /><input type="hidden" name=".cgifields" value="91"  /><input type="hidden" name=".cgif
Action.c(103):     ields" value="107"  /><input type="hidden" name=".cgifields" value="87"  /><input type="hi
Action.c(103):     dden" name=".cgifields" value="174"  /><input type="hidden" name=".cgifields" value="77"  
Action.c(103):     /><input type="hidden" name=".cgifields" value="214"  /><input type="hidden" name=".cgifie
Action.c(103):     lds" value="221"  /><input type="hidden" name=".cgifields" value="39"  /><input type="hidd
Action.c(103):     en" name=".cgifields" value="64"  /><input type="hidden" name=".cgifields" value="97"  /><
Action.c(103):     input type="hidden" name=".cgifields" value="12"  /><input type="hidden" name=".cgifields"
Action.c(103):      value="41"  /><input type="hidden" name=".cgifields" value="52"  /><input type="hidden" n
Action.c(103):     ame=".cgifields" value="312"  /><input type="hidden" name=".cgifields" value="302"  /><inp
Action.c(103):     ut type="hidden" name=".cgifields" value="229"  /><input type="hidden" name=".cgifields" v
Action.c(103):     alue="45"  /><input type="hidden" name=".cgifields" value="260"  /><input type="hidden" na
Action.c(103):     me=".cgifields" value="237"  /><input type="hidden" name=".cgifields" value="309"  /><inpu
Action.c(103):     t type="hidden" name=".cgifields" value="188"  /><input type="hidden" name=".cgifields" va
Action.c(103):     lue="68"  /><input type="hidden" name=".cgifields" value="1"  /><input type="hidden" name=
Action.c(103):     ".cgifields" value="136"  /><input type="hidden" name=".cgifields" value="116"  /><input t
Action.c(103):     ype="hidden" name=".cgifields" value="144"  /><input type="hidden" name=".cgifields" value
Action.c(103):     ="100"  /><input type="hidden" name=".cgifields" value="300"  /><input type="hidden" name=
Action.c(103):     ".cgifields" value="222"  /><input type="hidden" name=".cgifields" value="25"  /><input ty
Action.c(103):     pe="hidden" name=".cgifields" value="286"  /><input type="hidden" name=".cgifields" value=
Action.c(103):     "120"  /><input type="hidden" name=".cgifields" value="83"  /><input type="hidden" name=".
Action.c(103):     cgifields" value="305"  /><input type="hidden" name=".cgifields" value="308"  /><input typ
Action.c(103):     e="hidden" name=".cgifields" value="254"  /><input type="hidden" name=".cgifields" value="
Action.c(103):     177"  /><input type="hidden" name=".cgifields" value="217"  /><input type="hidden" name=".
Action.c(103):     cgifields" value="239"  /><input type="hidden" name=".cgifields" value="122"  /><input typ
Action.c(103):     e="hidden" name=".cgifields" value="143"  /><input type="hidden" name=".cgifields" value="
Action.c(103):     281"  /><input type="hidden" name=".cgifields" value="269"  /><input type="hidden" name=".
Action.c(103):     cgifields" value="205"  /><input type="hidden" name=".cgifields" value="158"  /><input typ
Action.c(103):     e="hidden" name=".cgifields" value="42"  /><input type="hidden" name=".cgifields" value="2
Action.c(103):     2"  /><input type="hidden" name=".cgifields" value="46"  /><input type="hidden" name=".cgi
Action.c(103):     fields" value="235"  /><input type="hidden" name=".cgifields" value="301"  /><input type="
Action.c(103):     hidden" name=".cgifields" value="6"  /><input type="hidden" name=".cgifields" value="36"  
Action.c(103):     /><input type="hidden" name=".cgifields" value="213"  /><input type="hidden" name=".cgifie
Action.c(103):     lds" value="183"  /><input type="hidden" name=".cgifields" value="94"  /><input type="hidd
Action.c(103):     en" name=".cgifields" value="51"  /><input type="hidden" name=".cgifields" value="296"  />
Action.c(103):     <input type="hidden" name=".cgifields" value="265"  /><input type="hidden" name=".cgifield
Action.c(103):     s" value="169"  /><input type="hidden" name=".cgifields" value="132"  /><input type="hidde
Action.c(103):     n" name=".cgifields" value="171"  /><input type="hidden" name=".cgifields" value="200"  />
Action.c(103):     <input type="hidden" name=".cgifields" value="18"  /><input type="hidden" name=".cgifields
Action.c(103):     " value="125"  /><input type="hidden" name=".cgifields" value="44"  /><input type="hidden"
Action.c(103):      name=".cgifields" value="27"  /><input type="hidden" name=".cgifields" value="272"  /><in
Action.c(103):     put type="hidden" name=".cgifields" value="161"  /><input type="hidden" name=".cgifields" 
Action.c(103):     value="190"  /><input type="hidden" name=".cgifields" value="298"  /><input type="hidden" 
Action.c(103):     name=".cgifields" value="95"  /><input type="hidden" name=".cgifields" value="313"  /><inp
Action.c(103):     ut type="hidden" name=".cgifields" value="20"  /><input type="hidden" name=".cgifields" va
Action.c(103):     lue="109"  /><input type="hidden" name=".cgifields" value="231"  /><input type="hidden" na
Action.c(103):     me=".cgifields" value="243"  /><input type="hidden" name=".cgifields" value="151"  /><inpu
Action.c(103):     t type="hidden" name=".cgifields" value="148"  /><input type="hidden" name=".cgifields" va
Action.c(103):     lue="287"  /><input type="hidden" name=".cgifields" value="78"  /><input type="hidden" nam
Action.c(103):     e=".cgifields" value="294"  /><input type="hidden" name=".cgifields" value="106"  /><input
Action.c(103):      type="hidden" name=".cgifields" value="275"  /><input type="hidden" name=".cgifields" val
Action.c(103):     ue="157"  /><input type="hidden" name=".cgifields" value="65"  /><input type="hidden" name
Action.c(103):     =".cgifields" value="197"  /><input type="hidden" name=".cgifields" value="203"  /><input 
Action.c(103):     type="hidden" name=".cgifields" value="261"  /><input type="hidden" name=".cgifields" valu
Action.c(103):     e="138"  /><input type="hidden" name=".cgifields" value="81"  /><input type="hidden" name=
Action.c(103):     ".cgifields" value="137"  /><input type="hidden" name=".cgifields" value="60"  /><input ty
Action.c(103):     pe="hidden" name=".cgifields" value="284"  /><input type="hidden" name=".cgifields" value=
Action.c(103):     "86"  /><input type="hidden" name=".cgifields" value="247"  /><input type="hidden" name=".
Action.c(103):     cgifields" value="204"  /><input type="hidden" name=".cgifields" value="289"  /><input typ
Action.c(103):     e="hidden" name=".cgifields" value="165"  /><input type="hidden" name=".cgifields" value="
Action.c(103):     17"  /><input type="hidden" name=".cgifields" value="2"  /><input type="hidden" name=".cgi
Action.c(103):     fields" value="186"  /><input type="hidden" name=".cgifields" value="82"  /><input type="h
Action.c(103):     idden" name=".cgifields" value="110"  /><input type="hidden" name=".cgifields" value="147"
Action.c(103):       /><input type="hidden" name=".cgifields" value="228"  /><input type="hidden" name=".cgif
Action.c(103):     ields" value="268"  /><input type="hidden" name=".cgifields" value="69"  /><input type="hi
Action.c(103):     dden" name=".cgifields" value="112"  /><input type="hidden" name=".cgifields" value="172" 
Action.c(103):      /><input type="hidden" name=".cgifields" value="191"  /><input type="hidden" name=".cgifi
Action.c(103):     elds" value="224"  /><input type="hidden" name=".cgifields" value="187"  /><input type="hi
Action.c(103):     dden" name=".cgifields" value="223"  /><input type="hidden" name=".cgifields" value="282" 
Action.c(103):      /><input type="hidden" name=".cgifields" value="262"  /><input type="hidden" name=".cgifi
Action.c(103):     elds" value="79"  /><input type="hidden" name=".cgifields" value="121"  /><input type="hid
Action.c(103):     den" name=".cgifields" value="212"  /><input type="hidden" name=".cgifields" value="126"  
Action.c(103):     /><input type="hidden" name=".cgifields" value="238"  /><input type="hidden" name=".cgifie
Action.c(103):     lds" value="251"  /><input type="hidden" name=".cgifields" value="253"  /><input type="hid
Action.c(103):     den" name=".cgifields" value="279"  /><input type="hidden" name=".cgifields" value="176"  
Action.c(103):     /><input type="hidden" name=".cgifields" value="209"  /><input type="hidden" name=".cgifie
Action.c(103):     lds" value="216"  /><input type="hidden" name=".cgifields" value="256"  /><input type="hid
Action.c(103):     den" name=".cgifields" value="117"  /><input type="hidden" name=".cgifields" value="170"  
Action.c(103):     /><input type="hidden" name=".cgifields" value="33"  /><input type="hidden" name=".cgifiel
Action.c(103):     ds" value="63"  /><input type="hidden" name=".cgifields" value="7"  /><input type="hidden"
Action.c(103):      name=".cgifields" value="80"  /><input type="hidden" name=".cgifields" value="26"  /><inp
Action.c(103):     ut type="hidden" name=".cgifields" value="227"  /><input type="hidden" name=".cgifields" v
Action.c(103):     alue="99"  /><input type="hidden" name=".cgifields" value="72"  /><input type="hidden" nam
Action.c(103):     e=".cgifields" value="179"  /><input type="hidden" name=".cgifields" value="264"  /><input
Action.c(103):      type="hidden" name=".cgifields" value="255"  /><input type="hidden" name=".cgifields" val
Action.c(103):     ue="297"  /><input type="hidden" name=".cgifields" value="182"  /><input type="hidden" nam
Action.c(103):     e=".cgifields" value="108"  /><input type="hidden" name=".cgifields" value="277"  /><input
Action.c(103):      type="hidden" name=".cgifields" value="92"  /><input type="hidden" name=".cgifields" valu
Action.c(103):     e="232"  /><input type="hidden" name=".cgifields" value="10"  /><input type="hidden" name=
Action.c(103):     ".cgifields" value="225"  /><input type="hidden" name=".cgifields" value="142"  /><input t
Action.c(103):     ype="hidden" name=".cgifields" value="207"  /><input type="hidden" name=".cgifields" value
Action.c(103):     ="263"  /><input type="hidden" name=".cgifields" value="167"  /><input type="hidden" name=
Action.c(103):     ".cgifields" value="48"  /><input type="hidden" name=".cgifields" value="133"  /><input ty
Action.c(103):     pe="hidden" name=".cgifields" value="290"  /><input type="hidden" name=".cgifields" value=
Action.c(103):     "123"  /><input type="hidden" name=".cgifields" value="149"  /><input type="hidden" name="
Action.c(103):     .cgifields" value="304"  /><input type="hidden" name=".cgifields" value="50"  /><input typ
Action.c(103):     e="hidden" name=".cgifields" value="210"  /><input type="hidden" name=".cgifields" value="
Action.c(103):     258"  /><input type="hidden" name=".cgifields" value="173"  /><input type="hidden" name=".
Action.c(103):     cgifields" value="56"  /><input type="hidden" name=".cgifields" value="66"  /><input type=
Action.c(103):     "hidden" name=".cgifields" value="19"  /><input type="hidden" name=".cgifields" value="293
Action.c(103):     "  /><input type="hidden" name=".cgifields" value="54"  /><input type="hidden" name=".cgif
Action.c(103):     ields" value="274"  /><input type="hidden" name=".cgifields" value="306"  /><input type="h
Action.c(103):     idden" name=".cgifields" value="70"  /><input type="hidden" name=".cgifields" value="166" 
Action.c(103):      /><input type="hidden" name=".cgifields" value="88"  /><input type="hidden" name=".cgifie
Action.c(103):     lds" value="30"  /><input type="hidden" name=".cgifields" value="141"  /><input type="hidd
Action.c(103):     en" name=".cgifields" value="128"  /><input type="hidden" name=".cgifields" value="252"  /
Action.c(103):     ><input type="hidden" name=".cgifields" value="28"  /><input type="hidden" name=".cgifield
Action.c(103):     s" value="310"  /><input type="hidden" name=".cgifields" value="283"  /><input type="hidde
Action.c(103):     n" name=".cgifields" value="75"  /><input type="hidden" name=".cgifields" value="40"  /><i
Action.c(103):     nput type="hidden" name=".cgifields" value="134"  /><input type="hidden" name=".cgifields"
Action.c(103):      value="156"  /><input type="hidden" name=".cgifields" value="303"  /><input type="hidden"
Action.c(103):      name=".cgifields" value="192"  /><input type="hidden" name=".cgifields" value="250"  /><i
Action.c(103):     nput type="hidden" name=".cgifields" value="59"  /><input type="hidden" name=".cgifields" 
Action.c(103):     value="215"  /><input type="hidden" name=".cgifields" value="278"  /><input type="hidden" 
Action.c(103):     name=".cgifields" value="150"  /><input type="hidden" name=".cgifields" value="271"  /><in
Action.c(103):     put type="hidden" name=".cgifields" value="130"  /><input type="hidden" name=".cgifields" 
Action.c(103):     value="155"  /><input type="hidden" name=".cgif
Action.c(103): t=6128549ms: 7-byte chunked response overhead for "http://localhost:1080/cgi-bin/itinerary.pl" (RelFrameId=1.2, Internal ID=888)
Action.c(103):     \r\n
Action.c(103):     17b\r\n
Action.c(103): t=6128549ms: 7-byte chunked response overhead for "http://localhost:1080/cgi-bin/itinerary.pl" (RelFrameId=1.2, Internal ID=888)
Action.c(103):     \r\n
Action.c(103):     0\r\n
Action.c(103):     \r\n
Action.c(103): t=6128549ms: 1078-byte chunked response body for "http://localhost:1080/cgi-bin/itinerary.pl" (RelFrameId=1.2, Internal ID=888)
Action.c(103):     ields" value="53"  /><input type="hidden" name=".cgifields" value="245"  /><input type="hi
Action.c(103):     dden" name=".cgifields" value="267"  /><input type="hidden" name=".cgifields" value="219" 
Action.c(103):      /><input type="hidden" name=".cgifields" value="13"  /><input type="hidden" name=".cgifie
Action.c(103):     lds" value="257"  /><input type="hidden" name=".cgifields" value="105"  /><input type="hid
Action.c(103):     den" name=".cgifields" value="85"  /><input type="hidden" name=".cgifields" value="3"  /><
Action.c(103):     input type="hidden" name=".cgifields" value="185"  /><input type="hidden" name=".cgifields
Action.c(103):     " value="248"  /><input type="hidden" name=".cgifields" value="111"  /><input type="hidden
Action.c(103):     " name=".cgifields" value="9"  /><input type="hidden" name=".cgifields" value="146"  /><in
Action.c(103):     put type="hidden" name=".cgifields" value="38"  /><input type="hidden" name=".cgifields" v
Action.c(103):     alue="4"  /><input type="hidden" name=".cgifields" value="34"  /><input type="hidden" name
Action.c(103):     =".cgifields" value="164"  /><input type="hidden" name=".cgifields" value="196"  /><input 
Action.c(103):     type="hidden" name=".cgifields" value="242"  /></div></form>\n
Action.c(103):     \n
Action.c(103):     </center>\n
Action.c(103):     \n
Action.c(103):     </body>\n
Action.c(103):     </html>
Action.c(103): t=6128549ms: Request done "http://localhost:1080/cgi-bin/itinerary.pl"  	[MsgId: MMSG-26000]
Action.c(103): t=6128549ms: Already connected [0] to localhost:1080  	[MsgId: MMSG-26000]
Action.c(103): t=6128549ms: 552-byte request headers for "http://localhost:1080/WebTours/images/cancelreservation.gif" (RelFrameId=, Internal ID=891)
Action.c(103):     GET /WebTours/images/cancelreservation.gif HTTP/1.1\r\n
Action.c(103):     Referer: http://localhost:1080/cgi-bin/itinerary.pl\r\n
Action.c(103):     Sec-Fetch-Dest: frame\r\n
Action.c(103):     Sec-Fetch-Site: same-origin\r\n
Action.c(103):     Sec-Fetch-Mode: navigate\r\n
Action.c(103):     DNT: 1\r\n
Action.c(103):     Upgrade-Insecure-Requests: 1\r\n
Action.c(103):     User-Agent: Mozilla/5.0 (compatible; MSIE 10.0; Windows NT 6.1; Trident/6.0)\r\n
Action.c(103):     Accept-Encoding: gzip, deflate\r\n
Action.c(103):     Accept: */*\r\n
Action.c(103):     Connection: Keep-Alive\r\n
Action.c(103):     Host: localhost:1080\r\n
Action.c(103):     Cookie: MSO=SID&1707680006; MTUserInfo=firstName&Pluto&address2&pluto&username&pluto&hash&
Action.c(103):     111&lastName&Dog%0A&address1&100DoghouseLn.&creditCard&&expDate&%0A\r\n
Action.c(103):     \r\n
Action.c(103): t=6128550ms: Already connected [1] to localhost:1080  	[MsgId: MMSG-26000]
Action.c(103): t=6128550ms: 556-byte request headers for "http://localhost:1080/WebTours/images/cancelallreservations.gif" (RelFrameId=, Internal ID=892)
Action.c(103):     GET /WebTours/images/cancelallreservations.gif HTTP/1.1\r\n
Action.c(103):     Referer: http://localhost:1080/cgi-bin/itinerary.pl\r\n
Action.c(103):     Sec-Fetch-Dest: frame\r\n
Action.c(103):     Sec-Fetch-Site: same-origin\r\n
Action.c(103):     Sec-Fetch-Mode: navigate\r\n
Action.c(103):     DNT: 1\r\n
Action.c(103):     Upgrade-Insecure-Requests: 1\r\n
Action.c(103):     User-Agent: Mozilla/5.0 (compatible; MSIE 10.0; Windows NT 6.1; Trident/6.0)\r\n
Action.c(103):     Accept-Encoding: gzip, deflate\r\n
Action.c(103):     Accept: */*\r\n
Action.c(103):     Connection: Keep-Alive\r\n
Action.c(103):     Host: localhost:1080\r\n
Action.c(103):     Cookie: MSO=SID&1707680006; MTUserInfo=firstName&Pluto&address2&pluto&username&pluto&hash&
Action.c(103):     111&lastName&Dog%0A&address1&100DoghouseLn.&creditCard&&expDate&%0A\r\n
Action.c(103):     \r\n
Action.c(103): t=6128550ms: 297-byte response headers for "http://localhost:1080/WebTours/images/cancelreservation.gif" (RelFrameId=, Internal ID=891)
Action.c(103):     HTTP/1.1 200 OK\r\n
Action.c(103):     Date: Sun, 11 Feb 2024 19:33:35 GMT\r\n
Action.c(103):     Server: Apache/2.2.21 (Win32)\r\n
Action.c(103):     Last-Modified: Thu, 12 Jan 2012 13:30:27 GMT\r\n
Action.c(103):     ETag: "200000004c460-33f-4b654c052c2c0"\r\n
Action.c(103):     Accept-Ranges: bytes\r\n
Action.c(103):     Content-Length: 831\r\n
Action.c(103):     Keep-Alive: timeout=5, max=96\r\n
Action.c(103):     Connection: Keep-Alive\r\n
Action.c(103):     Content-Type: image/gif\r\n
Action.c(103):     \r\n
Action.c(103): t=6128550ms: 831-byte response body for "http://localhost:1080/WebTours/images/cancelreservation.gif" (RelFrameId=, Internal ID=891)
Action.c(103): t=6128550ms: Request done "http://localhost:1080/WebTours/images/cancelreservation.gif"  	[MsgId: MMSG-26000]
Action.c(103): t=6128550ms: 297-byte response headers for "http://localhost:1080/WebTours/images/cancelallreservations.gif" (RelFrameId=, Internal ID=892)
Action.c(103):     HTTP/1.1 200 OK\r\n
Action.c(103):     Date: Sun, 11 Feb 2024 19:33:35 GMT\r\n
Action.c(103):     Server: Apache/2.2.21 (Win32)\r\n
Action.c(103):     Last-Modified: Thu, 12 Jan 2012 13:30:27 GMT\r\n
Action.c(103):     ETag: "200000004c45f-2e6-4b654c052c2c0"\r\n
Action.c(103):     Accept-Ranges: bytes\r\n
Action.c(103):     Content-Length: 742\r\n
Action.c(103):     Keep-Alive: timeout=5, max=98\r\n
Action.c(103):     Connection: Keep-Alive\r\n
Action.c(103):     Content-Type: image/gif\r\n
Action.c(103):     \r\n
Action.c(103): t=6128551ms: 742-byte response body for "http://localhost:1080/WebTours/images/cancelallreservations.gif" (RelFrameId=, Internal ID=892)
Action.c(103): t=6128551ms: Request done "http://localhost:1080/WebTours/images/cancelallreservations.gif"  	[MsgId: MMSG-26000]
Action.c(103): Registered web_reg_find successful for "Text=User wants the intineraries.  Since user has already logged on" (count=1)  	[MsgId: MMSG-26364]
Action.c(103): web_url("Itinerary Button") was successful, 365770 body bytes, 1913 header bytes, 715 chunking overhead bytes  	[MsgId: MMSG-26385]
Action.c(113): Notify: Transaction "search_Itinerary" ended with a "Pass" status (Duration: 0,2847 Wasted Time: 0,0005).	[MsgId: MMSG-16871]
Action.c(115): Notify: Transaction "Logout" started.	[MsgId: MMSG-16999]
Action.c(117): web_remove_auto_header("Sec-Fetch-User") started  	[MsgId: MMSG-26355]
Action.c(117): Warning -26590: web_remove/revert_auto_header for "Sec-Fetch-User" had no effect  	[MsgId: MWAR-26590]
Action.c(117): web_remove/revert_auto_header("Sec-Fetch-User") highest severity level was "warning"  	[MsgId: MMSG-26391]
Action.c(119): web_add_header("Upgrade-Insecure-Requests") started  	[MsgId: MMSG-26355]
Action.c(119): An unrecognized header ("Upgrade-Insecure-Requests") is being added  	[MsgId: MMSG-26595]
Action.c(119): "Upgrade-Insecure-Requests: 1" header registered for adding to requests from the immediately following Action function  	[MsgId: MMSG-26506]
Action.c(119): web_add_header("Upgrade-Insecure-Requests") was successful  	[MsgId: MMSG-26392]
Action.c(122): lr_think_time: 4,00 seconds.	[MsgId: MMSG-15948]
Action.c(124): web_reg_find started  	[MsgId: MMSG-26355]
Action.c(124): Registering web_reg_find was successful  	[MsgId: MMSG-26390]
Action.c(126): web_url("SignOff Button") started  	[MsgId: MMSG-26355]
Action.c(126): t=6128704ms: Already connected [0] to localhost:1080  	[MsgId: MMSG-26000]
Action.c(126): t=6128704ms: 560-byte request headers for "http://localhost:1080/cgi-bin/welcome.pl?signOff=1" (RelFrameId=1, Internal ID=1323)
Action.c(126):     GET /cgi-bin/welcome.pl?signOff=1 HTTP/1.1\r\n
Action.c(126):     Referer: http://localhost:1080/cgi-bin/nav.pl?page=menu&in=flights\r\n
Action.c(126):     Upgrade-Insecure-Requests: 1\r\n
Action.c(126):     Sec-Fetch-Dest: frame\r\n
Action.c(126):     Sec-Fetch-Site: same-origin\r\n
Action.c(126):     Sec-Fetch-Mode: navigate\r\n
Action.c(126):     DNT: 1\r\n
Action.c(126):     User-Agent: Mozilla/5.0 (compatible; MSIE 10.0; Windows NT 6.1; Trident/6.0)\r\n
Action.c(126):     Accept-Encoding: gzip, deflate\r\n
Action.c(126):     Accept: */*\r\n
Action.c(126):     Connection: Keep-Alive\r\n
Action.c(126):     Host: localhost:1080\r\n
Action.c(126):     Cookie: MSO=SID&1707679997; MTUserInfo=firstName&Donald&address2&donald&username&donald&ha
Action.c(126):     sh&100&lastName&Duck%0A&address1&789CenterSt.&creditCard&&expDate&%0A\r\n
Action.c(126):     \r\n
Action.c(126): t=6128728ms: 327-byte response headers for "http://localhost:1080/cgi-bin/welcome.pl?signOff=1" (RelFrameId=1, Internal ID=1323)
Action.c(126):     HTTP/1.1 200 OK\r\n
Action.c(126):     Date: Sun, 11 Feb 2024 19:33:35 GMT\r\n
Action.c(126):     Server: Apache/2.2.21 (Win32)\r\n
Action.c(126):     Set-Cookie: MSO=SID&1707680015; path=/\r\n
Action.c(126):     Set-Cookie: MTUserInfo=; path=/; expires=Sat, 10-Feb-2024 19:33:35 GMT\r\n
Action.c(126):     Keep-Alive: timeout=5, max=95\r\n
Action.c(126):     Connection: Keep-Alive\r\n
Action.c(126):     Transfer-Encoding: chunked\r\n
Action.c(126):     Content-Type: text/html; charset=ISO-8859-1\r\n
Action.c(126):     \r\n
Action.c(126): t=6128728ms: 5-byte chunked response overhead for "http://localhost:1080/cgi-bin/welcome.pl?signOff=1" (RelFrameId=1, Internal ID=1323)
Action.c(126):     2ae\r\n
Action.c(126): t=6128728ms: 2-byte chunked response overhead for "http://localhost:1080/cgi-bin/welcome.pl?signOff=1" (RelFrameId=1, Internal ID=1323)
Action.c(126):     \r\n
Action.c(126): t=6128728ms: 686-byte chunked response body for "http://localhost:1080/cgi-bin/welcome.pl?signOff=1" (RelFrameId=1, Internal ID=1323)
Action.c(126):     <!-- \n
Action.c(126):      A Session ID has been created and loaded into a cookie called MSO.\n
Action.c(126):      Also, the server options have been loaded into the cookie called\n
Action.c(126):      MSO as well.  The server options can be set via the Admin page.\n
Action.c(126):      --->\n
Action.c(126):     \n
Action.c(126):     <html>\n
Action.c(126):     <title>Web Tours</title>\n
Action.c(126):        <!-- Frame Set -->\n
Action.c(126):        <frameset cols="160,*" border="1" frameborder="1">\n
Action.c(126):           <!-- Navigation Frame -->\n
Action.c(126):           <frame src="nav.pl?in=home" name="navbar" marginheight="2" marginwidth="2" \n
Action.c(126):                 noresize="noresize" scrolling="auto"/>\n
Action.c(126):           <!-- Home Frame -->\n
Action.c(126):           <frame src="/WebTours/home.html" name="info" marginheight="2" marginwidth="2" \n
Action.c(126):                 noresize="noresize" scrolling="auto"/>\n
Action.c(126):        </frameset>\n
Action.c(126):     </html>\n
Action.c(126):     \n
Action.c(126):     </body>\n
Action.c(126):     </html>
Action.c(126): Detected non-resource "http://localhost:1080/cgi-bin/nav.pl?in=home" in "http://localhost:1080/cgi-bin/welcome.pl?signOff=1"  	[MsgId: MMSG-26574]
Action.c(126): Detected non-resource "http://localhost:1080/WebTours/home.html" in "http://localhost:1080/cgi-bin/welcome.pl?signOff=1"  	[MsgId: MMSG-26574]
Action.c(126): Retrieving data from cache for "http://localhost:1080/WebTours/home.html"  	[MsgId: MMSG-26558]
Action.c(126): t=6128728ms: 1361-byte response body retrieved from cache for "http://localhost:1080/WebTours/home.html" (RelFrameId=1.2, Internal ID=1325)
Action.c(126):     <HTML>\n
Action.c(126):     <HEAD>\n
Action.c(126):     \t<title>Web Tours</title>\n
Action.c(126):     </HEAD>\n
Action.c(126):     <style>\n
Action.c(126):     \tblockquote {font-family: tahoma; font-size : 10pt}\n
Action.c(126):     \tH1 {font-family: tahoma; font-size : 22pt; color: #003366}\n
Action.c(126):     \tsmall {font-family: tahoma; font-size : 8pt}\n
Action.c(126):     \tH3{font-family: tahoma; font-size : 10pt; color: black}\n
Action.c(126):     \tA {FONT-WEIGHT: bold; FONT-SIZE: 10pt; COLOR: black; FONT-FAMILY: Tahoma; TEXT-DECORATIO
Action.c(126):     N: none}\n
Action.c(126):     \tA:hover{ FONT-WEIGHT: bold; FONT-SIZE: 10pt; COLOR: #993333; FONT-FAMILY: Tahoma;TEXT-DE
Action.c(126):     CORATION: underline}\n
Action.c(126):     \tTD {font-family: tahoma; font-size : 10pt; color: black}\n
Action.c(126):     </style>\n
Action.c(126):     <body bgcolor="#e0e7f1">\n
Action.c(126):     <BR/>\n
Action.c(126):     <BR/>\n
Action.c(126):     <BR/>\n
Action.c(126):     <br/>\n
Action.c(126):     <table border="0">\n
Action.c(126):     <tr><td></td></tr>\n
Action.c(126):     <TR><TD></TD></TR>\n
Action.c(126):     <TR><TD>\n
Action.c(126):     <blockquote>\n
Action.c(126):     <H1><b>Web Tours</b></H1>\n
Action.c(126):     Welcome to the Web Tours site.\n
Action.c(126):     <br/>\n
Action.c(126):     To make reservations,please enter your account information to the left.\n
Action.c(126):     <br/>\n
Action.c(126):     If you haven't registered yet, <A href="/cgi-bin/login.pl?username=&amp;password=&amp;getI
Action.c(126):     nfo=true" ><B>sign up now</B></A> to get access to all our resources.\n
Action.c(126):     <br/>\n
Action.c(126):     To configure the server options, use <A href="/cgi-bin/admin.pl" target="body" ><b>adminis
Action.c(126):     tration</b></A> link.\n
Action.c(126):     <br/><br/><br/><br/><br/><br/>\n
Action.c(126):     <br/><small>\n
Action.c(126):     This product uses parts of the SMT Kernel, Copyright (c) 1991-99 <A href="http://www.imati
Action.c(126):     x.com" target="new"><B><small>iMatix Corporation</small></B></A> \n
Action.c(126):     </small>\n
Action.c(126):     </blockquote></TD>\n
Action.c(126):     <TD></TD></TR>\n
Action.c(126):     </table>\n
Action.c(126):     </body>\n
Action.c(126):     </HTML>\n
Action.c(126): t=6128729ms: 5-byte chunked response overhead for "http://localhost:1080/cgi-bin/welcome.pl?signOff=1" (RelFrameId=1, Internal ID=1323)
Action.c(126):     0\r\n
Action.c(126):     \r\n
Action.c(126): t=6128729ms: Request done "http://localhost:1080/cgi-bin/welcome.pl?signOff=1"  	[MsgId: MMSG-26000]
Action.c(126): t=6128729ms: Already connected [1] to localhost:1080  	[MsgId: MMSG-26000]
Action.c(126): t=6128729ms: 414-byte request headers for "http://localhost:1080/cgi-bin/nav.pl?in=home" (RelFrameId=1.1, Internal ID=1324)
Action.c(126):     GET /cgi-bin/nav.pl?in=home HTTP/1.1\r\n
Action.c(126):     Referer: http://localhost:1080/cgi-bin/welcome.pl?signOff=1\r\n
Action.c(126):     Upgrade-Insecure-Requests: 1\r\n
Action.c(126):     Sec-Fetch-Dest: frame\r\n
Action.c(126):     Sec-Fetch-Site: same-origin\r\n
Action.c(126):     Sec-Fetch-Mode: navigate\r\n
Action.c(126):     DNT: 1\r\n
Action.c(126):     User-Agent: Mozilla/5.0 (compatible; MSIE 10.0; Windows NT 6.1; Trident/6.0)\r\n
Action.c(126):     Accept-Encoding: gzip, deflate\r\n
Action.c(126):     Accept: */*\r\n
Action.c(126):     Connection: Keep-Alive\r\n
Action.c(126):     Host: localhost:1080\r\n
Action.c(126):     Cookie: MSO=SID&1707680015\r\n
Action.c(126):     \r\n
Action.c(126): t=6128753ms: 255-byte response headers for "http://localhost:1080/cgi-bin/nav.pl?in=home" (RelFrameId=1.1, Internal ID=1324)
Action.c(126):     HTTP/1.1 200 OK\r\n
Action.c(126):     Date: Sun, 11 Feb 2024 19:33:35 GMT\r\n
Action.c(126):     Server: Apache/2.2.21 (Win32)\r\n
Action.c(126):     Expires: Sat, 10 Feb 2024 19:33:35 GMT\r\n
Action.c(126):     Keep-Alive: timeout=5, max=97\r\n
Action.c(126):     Connection: Keep-Alive\r\n
Action.c(126):     Transfer-Encoding: chunked\r\n
Action.c(126):     Content-Type: text/html; charset=ISO-8859-1\r\n
Action.c(126):     \r\n
Action.c(126): t=6128753ms: 5-byte chunked response overhead for "http://localhost:1080/cgi-bin/nav.pl?in=home" (RelFrameId=1.1, Internal ID=1324)
Action.c(126):     5d2\r\n
Action.c(126): t=6128753ms: 2-byte chunked response overhead for "http://localhost:1080/cgi-bin/nav.pl?in=home" (RelFrameId=1.1, Internal ID=1324)
Action.c(126):     \r\n
Action.c(126): t=6128753ms: 1490-byte chunked response body for "http://localhost:1080/cgi-bin/nav.pl?in=home" (RelFrameId=1.1, Internal ID=1324)
Action.c(126):     <!DOCTYPE html\n
Action.c(126):     \tPUBLIC "-//W3C//DTD XHTML 1.0 Transitional//EN"\n
Action.c(126):     \t "http://www.w3.org/TR/xhtml1/DTD/xhtml1-transitional.dtd">\n
Action.c(126):     <html xmlns="http://www.w3.org/1999/xhtml" lang="en-US" xml:lang="en-US">\n
Action.c(126):     <head>\n
Action.c(126):     <title>Web Tours Navigation Bar</title>\n
Action.c(126):     <meta http-equiv="Content-Type" content="text/html; charset=iso-8859-1" />\n
Action.c(126):     </head>\n
Action.c(126):     <body bgcolor="#E0E7F1">\n
Action.c(126):     <style>\n
Action.c(126):     blockquote {font-family: tahoma; font-size : 10pt}\n
Action.c(126):     H1 {font-family: tahoma; font-size : 22pt; color: #993333}\n
Action.c(126):     H3 {font-family: tahoma; font-size : 10pt; color: black}\n
Action.c(126):     small {font-family: tahoma; font-size : 8pt}\n
Action.c(126):     </style>\n
Action.c(126):     <form method="post" action="/cgi-bin/login.pl" target="body">\n
Action.c(126):     <input type="hidden" name="userSession" value="138329.689347914HVVfDDDpDQfiDDDDtczQcpAAADH
Action.c(126):     f"/>\n
Action.c(126):     <table border="0"><tr><td>&nbsp;</td>\n
Action.c(126):     <td>&nbsp;</td></tr>\n
Action.c(126):     <tr><td>&nbsp;</td>\n
Action.c(126):     <td>&nbsp;</td></tr>\n
Action.c(126):     <tr><td>&nbsp;</td>\n
Action.c(126):     <td><small>&nbsp;Username</small></td></tr>\n
Action.c(126):     <tr><td>&nbsp;</td>\n
Action.c(126):     <td><input type="text" name="username" value="" size="14" maxlength="14"/></td></tr>\n
Action.c(126):     <tr><td>&nbsp;</td>\n
Action.c(126):     <td><small>&nbsp;Password</small></td>\n
Action.c(126):     <tr><td>&nbsp;</td>\n
Action.c(126):     <td><input type="password" name="password" value="" size="14" maxlength="14"/></td></tr>\n
Action.c(126):     <tr><td>&nbsp;</td>\n
Action.c(126):     <td>&nbsp;</td></tr>\n
Action.c(126):     <tr><td>&nbsp;</td>\n
Action.c(126):     <td><input type="image" name="login" value="Login" alt="Login" border="1" \n
Action.c(126):     src="/WebTours/images/mer_login.gif"/></td></tr>\n
Action.c(126):     <tr><td>&nbsp;</td><td>&nbsp;</td></tr>\n
Action.c(126):     </table><input type="hidden" name="JSFormSubmit" value="off"/>\n
Action.c(126):     </form>\n
Action.c(126):     \n
Action.c(126):     </body>\n
Action.c(126):     </html>\n
Action.c(126): Resource "http://localhost:1080/WebTours/images/mer_login.gif" is in the cache already and will not be downloaded again  	[MsgId: MMSG-26655]
Action.c(126): t=6128754ms: 5-byte chunked response overhead for "http://localhost:1080/cgi-bin/nav.pl?in=home" (RelFrameId=1.1, Internal ID=1324)
Action.c(126):     0\r\n
Action.c(126):     \r\n
Action.c(126): t=6128754ms: Request done "http://localhost:1080/cgi-bin/nav.pl?in=home"  	[MsgId: MMSG-26000]
Action.c(126): Registered web_reg_find successful for "Text=Welcome to the Web Tours site." (count=1)  	[MsgId: MMSG-26364]
Action.c(126): web_url("SignOff Button") was successful, 2176 body bytes, 582 header bytes, 24 chunking overhead bytes  	[MsgId: MMSG-26385]
Action.c(136): Notify: Transaction "Logout" ended with a "Pass" status (Duration: 4,0527 Think Time: 4,0025 Wasted Time: 0,0000).	[MsgId: MMSG-16870]
Action.c(140): Notify: Transaction "UC1_Login&Logout" ended with a "Pass" status (Duration: 28,6724 Think Time: 12,0037 Wasted Time: 0,0008).	[MsgId: MMSG-16870]
Ending action Action.	[MsgId: MMSG-15918]
Action was aborted.	[MsgId: MMSG-10694]
Ending Vuser...	[MsgId: MMSG-15966]
Starting action vuser_end.	[MsgId: MMSG-15919]
Ending action vuser_end.	[MsgId: MMSG-15918]
Vuser Terminated.	[MsgId: MMSG-15963]
t=6128754ms: Closed connection [0] to localhost:1080 after completing 6 request(s)  	[MsgId: MMSG-26000]
t=6128754ms: Closed connection [1] to localhost:1080 after completing 4 request(s)  	[MsgId: MMSG-26000]
t=6128755ms: Closed connection [2] to localhost:1080 after completing 3 request(s)  	[MsgId: MMSG-26000]
t=6128755ms: Closed connection [3] to localhost:1080 after completing 2 request(s)  	[MsgId: MMSG-26000]
t=6128755ms: Closed connection [4] to localhost:1080 after completing 1 request(s)  	[MsgId: MMSG-26000]
HTML-Mode memory management statistics: Reusable=61, NonReusable=0, CsMemBlockSize=4096, checks disabled  	[MsgId: MMSG-26000]
Vuser 2 (thread 20608), ended OK."	[MsgId: MMSG-10695]
Action.c(124): web_reg_find started  	[MsgId: MMSG-26355]
Action.c(124): Registering web_reg_find was successful  	[MsgId: MMSG-26390]
Action.c(126): web_url("SignOff Button") started  	[MsgId: MMSG-26355]
Action.c(126): t=6132552ms: Already connected [0] to localhost:1080  	[MsgId: MMSG-26000]
Action.c(126): t=6132552ms: 558-byte request headers for "http://localhost:1080/cgi-bin/welcome.pl?signOff=1" (RelFrameId=1, Internal ID=893)
Action.c(126):     GET /cgi-bin/welcome.pl?signOff=1 HTTP/1.1\r\n
Action.c(126):     Referer: http://localhost:1080/cgi-bin/nav.pl?page=menu&in=flights\r\n
Action.c(126):     Upgrade-Insecure-Requests: 1\r\n
Action.c(126):     Sec-Fetch-Dest: frame\r\n
Action.c(126):     Sec-Fetch-Site: same-origin\r\n
Action.c(126):     Sec-Fetch-Mode: navigate\r\n
Action.c(126):     DNT: 1\r\n
Action.c(126):     User-Agent: Mozilla/5.0 (compatible; MSIE 10.0; Windows NT 6.1; Trident/6.0)\r\n
Action.c(126):     Accept-Encoding: gzip, deflate\r\n
Action.c(126):     Accept: */*\r\n
Action.c(126):     Connection: Keep-Alive\r\n
Action.c(126):     Host: localhost:1080\r\n
Action.c(126):     Cookie: MSO=SID&1707680006; MTUserInfo=firstName&Pluto&address2&pluto&username&pluto&hash&
Action.c(126):     111&lastName&Dog%0A&address1&100DoghouseLn.&creditCard&&expDate&%0A\r\n
Action.c(126):     \r\n
Action.c(126): t=6132582ms: 327-byte response headers for "http://localhost:1080/cgi-bin/welcome.pl?signOff=1" (RelFrameId=1, Internal ID=893)
Action.c(126):     HTTP/1.1 200 OK\r\n
Action.c(126):     Date: Sun, 11 Feb 2024 19:33:39 GMT\r\n
Action.c(126):     Server: Apache/2.2.21 (Win32)\r\n
Action.c(126):     Set-Cookie: MSO=SID&1707680019; path=/\r\n
Action.c(126):     Set-Cookie: MTUserInfo=; path=/; expires=Sat, 10-Feb-2024 19:33:39 GMT\r\n
Action.c(126):     Keep-Alive: timeout=5, max=95\r\n
Action.c(126):     Connection: Keep-Alive\r\n
Action.c(126):     Transfer-Encoding: chunked\r\n
Action.c(126):     Content-Type: text/html; charset=ISO-8859-1\r\n
Action.c(126):     \r\n
Action.c(126): t=6132582ms: 5-byte chunked response overhead for "http://localhost:1080/cgi-bin/welcome.pl?signOff=1" (RelFrameId=1, Internal ID=893)
Action.c(126):     2ae\r\n
Action.c(126): t=6132582ms: 2-byte chunked response overhead for "http://localhost:1080/cgi-bin/welcome.pl?signOff=1" (RelFrameId=1, Internal ID=893)
Action.c(126):     \r\n
Action.c(126): t=6132582ms: 686-byte chunked response body for "http://localhost:1080/cgi-bin/welcome.pl?signOff=1" (RelFrameId=1, Internal ID=893)
Action.c(126):     <!-- \n
Action.c(126):      A Session ID has been created and loaded into a cookie called MSO.\n
Action.c(126):      Also, the server options have been loaded into the cookie called\n
Action.c(126):      MSO as well.  The server options can be set via the Admin page.\n
Action.c(126):      --->\n
Action.c(126):     \n
Action.c(126):     <html>\n
Action.c(126):     <title>Web Tours</title>\n
Action.c(126):        <!-- Frame Set -->\n
Action.c(126):        <frameset cols="160,*" border="1" frameborder="1">\n
Action.c(126):           <!-- Navigation Frame -->\n
Action.c(126):           <frame src="nav.pl?in=home" name="navbar" marginheight="2" marginwidth="2" \n
Action.c(126):                 noresize="noresize" scrolling="auto"/>\n
Action.c(126):           <!-- Home Frame -->\n
Action.c(126):           <frame src="/WebTours/home.html" name="info" marginheight="2" marginwidth="2" \n
Action.c(126):                 noresize="noresize" scrolling="auto"/>\n
Action.c(126):        </frameset>\n
Action.c(126):     </html>\n
Action.c(126):     \n
Action.c(126):     </body>\n
Action.c(126):     </html>
Action.c(126): Detected non-resource "http://localhost:1080/cgi-bin/nav.pl?in=home" in "http://localhost:1080/cgi-bin/welcome.pl?signOff=1"  	[MsgId: MMSG-26574]
Action.c(126): Detected non-resource "http://localhost:1080/WebTours/home.html" in "http://localhost:1080/cgi-bin/welcome.pl?signOff=1"  	[MsgId: MMSG-26574]
Action.c(126): Retrieving data from cache for "http://localhost:1080/WebTours/home.html"  	[MsgId: MMSG-26558]
Action.c(126): t=6132583ms: 1361-byte response body retrieved from cache for "http://localhost:1080/WebTours/home.html" (RelFrameId=1.2, Internal ID=895)
Action.c(126):     <HTML>\n
Action.c(126):     <HEAD>\n
Action.c(126):     \t<title>Web Tours</title>\n
Action.c(126):     </HEAD>\n
Action.c(126):     <style>\n
Action.c(126):     \tblockquote {font-family: tahoma; font-size : 10pt}\n
Action.c(126):     \tH1 {font-family: tahoma; font-size : 22pt; color: #003366}\n
Action.c(126):     \tsmall {font-family: tahoma; font-size : 8pt}\n
Action.c(126):     \tH3{font-family: tahoma; font-size : 10pt; color: black}\n
Action.c(126):     \tA {FONT-WEIGHT: bold; FONT-SIZE: 10pt; COLOR: black; FONT-FAMILY: Tahoma; TEXT-DECORATIO
Action.c(126):     N: none}\n
Action.c(126):     \tA:hover{ FONT-WEIGHT: bold; FONT-SIZE: 10pt; COLOR: #993333; FONT-FAMILY: Tahoma;TEXT-DE
Action.c(126):     CORATION: underline}\n
Action.c(126):     \tTD {font-family: tahoma; font-size : 10pt; color: black}\n
Action.c(126):     </style>\n
Action.c(126):     <body bgcolor="#e0e7f1">\n
Action.c(126):     <BR/>\n
Action.c(126):     <BR/>\n
Action.c(126):     <BR/>\n
Action.c(126):     <br/>\n
Action.c(126):     <table border="0">\n
Action.c(126):     <tr><td></td></tr>\n
Action.c(126):     <TR><TD></TD></TR>\n
Action.c(126):     <TR><TD>\n
Action.c(126):     <blockquote>\n
Action.c(126):     <H1><b>Web Tours</b></H1>\n
Action.c(126):     Welcome to the Web Tours site.\n
Action.c(126):     <br/>\n
Action.c(126):     To make reservations,please enter your account information to the left.\n
Action.c(126):     <br/>\n
Action.c(126):     If you haven't registered yet, <A href="/cgi-bin/login.pl?username=&amp;password=&amp;getI
Action.c(126):     nfo=true" ><B>sign up now</B></A> to get access to all our resources.\n
Action.c(126):     <br/>\n
Action.c(126):     To configure the server options, use <A href="/cgi-bin/admin.pl" target="body" ><b>adminis
Action.c(126):     tration</b></A> link.\n
Action.c(126):     <br/><br/><br/><br/><br/><br/>\n
Action.c(126):     <br/><small>\n
Action.c(126):     This product uses parts of the SMT Kernel, Copyright (c) 1991-99 <A href="http://www.imati
Action.c(126):     x.com" target="new"><B><small>iMatix Corporation</small></B></A> \n
Action.c(126):     </small>\n
Action.c(126):     </blockquote></TD>\n
Action.c(126):     <TD></TD></TR>\n
Action.c(126):     </table>\n
Action.c(126):     </body>\n
Action.c(126):     </HTML>\n
Action.c(126): t=6132583ms: 5-byte chunked response overhead for "http://localhost:1080/cgi-bin/welcome.pl?signOff=1" (RelFrameId=1, Internal ID=893)
Action.c(126):     0\r\n
Action.c(126):     \r\n
Action.c(126): t=6132584ms: Request done "http://localhost:1080/cgi-bin/welcome.pl?signOff=1"  	[MsgId: MMSG-26000]
Action.c(126): t=6132584ms: Already connected [1] to localhost:1080  	[MsgId: MMSG-26000]
Action.c(126): t=6132584ms: 414-byte request headers for "http://localhost:1080/cgi-bin/nav.pl?in=home" (RelFrameId=1.1, Internal ID=894)
Action.c(126):     GET /cgi-bin/nav.pl?in=home HTTP/1.1\r\n
Action.c(126):     Referer: http://localhost:1080/cgi-bin/welcome.pl?signOff=1\r\n
Action.c(126):     Upgrade-Insecure-Requests: 1\r\n
Action.c(126):     Sec-Fetch-Dest: frame\r\n
Action.c(126):     Sec-Fetch-Site: same-origin\r\n
Action.c(126):     Sec-Fetch-Mode: navigate\r\n
Action.c(126):     DNT: 1\r\n
Action.c(126):     User-Agent: Mozilla/5.0 (compatible; MSIE 10.0; Windows NT 6.1; Trident/6.0)\r\n
Action.c(126):     Accept-Encoding: gzip, deflate\r\n
Action.c(126):     Accept: */*\r\n
Action.c(126):     Connection: Keep-Alive\r\n
Action.c(126):     Host: localhost:1080\r\n
Action.c(126):     Cookie: MSO=SID&1707680019\r\n
Action.c(126):     \r\n
Action.c(126): t=6132607ms: 255-byte response headers for "http://localhost:1080/cgi-bin/nav.pl?in=home" (RelFrameId=1.1, Internal ID=894)
Action.c(126):     HTTP/1.1 200 OK\r\n
Action.c(126):     Date: Sun, 11 Feb 2024 19:33:39 GMT\r\n
Action.c(126):     Server: Apache/2.2.21 (Win32)\r\n
Action.c(126):     Expires: Sat, 10 Feb 2024 19:33:39 GMT\r\n
Action.c(126):     Keep-Alive: timeout=5, max=97\r\n
Action.c(126):     Connection: Keep-Alive\r\n
Action.c(126):     Transfer-Encoding: chunked\r\n
Action.c(126):     Content-Type: text/html; charset=ISO-8859-1\r\n
Action.c(126):     \r\n
Action.c(126): t=6132607ms: 5-byte chunked response overhead for "http://localhost:1080/cgi-bin/nav.pl?in=home" (RelFrameId=1.1, Internal ID=894)
Action.c(126):     5ce\r\n
Action.c(126): t=6132607ms: 2-byte chunked response overhead for "http://localhost:1080/cgi-bin/nav.pl?in=home" (RelFrameId=1.1, Internal ID=894)
Action.c(126):     \r\n
Action.c(126): t=6132607ms: 1486-byte chunked response body for "http://localhost:1080/cgi-bin/nav.pl?in=home" (RelFrameId=1.1, Internal ID=894)
Action.c(126):     <!DOCTYPE html\n
Action.c(126):     \tPUBLIC "-//W3C//DTD XHTML 1.0 Transitional//EN"\n
Action.c(126):     \t "http://www.w3.org/TR/xhtml1/DTD/xhtml1-transitional.dtd">\n
Action.c(126):     <html xmlns="http://www.w3.org/1999/xhtml" lang="en-US" xml:lang="en-US">\n
Action.c(126):     <head>\n
Action.c(126):     <title>Web Tours Navigation Bar</title>\n
Action.c(126):     <meta http-equiv="Content-Type" content="text/html; charset=iso-8859-1" />\n
Action.c(126):     </head>\n
Action.c(126):     <body bgcolor="#E0E7F1">\n
Action.c(126):     <style>\n
Action.c(126):     blockquote {font-family: tahoma; font-size : 10pt}\n
Action.c(126):     H1 {font-family: tahoma; font-size : 22pt; color: #993333}\n
Action.c(126):     H3 {font-family: tahoma; font-size : 10pt; color: black}\n
Action.c(126):     small {font-family: tahoma; font-size : 8pt}\n
Action.c(126):     </style>\n
Action.c(126):     <form method="post" action="/cgi-bin/login.pl" target="body">\n
Action.c(126):     <input type="hidden" name="userSession" value="138329.689671932HVVfDDDptVcftczQcpAAAtHf"/>
Action.c(126):     \n
Action.c(126):     <table border="0"><tr><td>&nbsp;</td>\n
Action.c(126):     <td>&nbsp;</td></tr>\n
Action.c(126):     <tr><td>&nbsp;</td>\n
Action.c(126):     <td>&nbsp;</td></tr>\n
Action.c(126):     <tr><td>&nbsp;</td>\n
Action.c(126):     <td><small>&nbsp;Username</small></td></tr>\n
Action.c(126):     <tr><td>&nbsp;</td>\n
Action.c(126):     <td><input type="text" name="username" value="" size="14" maxlength="14"/></td></tr>\n
Action.c(126):     <tr><td>&nbsp;</td>\n
Action.c(126):     <td><small>&nbsp;Password</small></td>\n
Action.c(126):     <tr><td>&nbsp;</td>\n
Action.c(126):     <td><input type="password" name="password" value="" size="14" maxlength="14"/></td></tr>\n
Action.c(126):     <tr><td>&nbsp;</td>\n
Action.c(126):     <td>&nbsp;</td></tr>\n
Action.c(126):     <tr><td>&nbsp;</td>\n
Action.c(126):     <td><input type="image" name="login" value="Login" alt="Login" border="1" \n
Action.c(126):     src="/WebTours/images/mer_login.gif"/></td></tr>\n
Action.c(126):     <tr><td>&nbsp;</td><td>&nbsp;</td></tr>\n
Action.c(126):     </table><input type="hidden" name="JSFormSubmit" value="off"/>\n
Action.c(126):     </form>\n
Action.c(126):     \n
Action.c(126):     </body>\n
Action.c(126):     </html>\n
Action.c(126): Resource "http://localhost:1080/WebTours/images/mer_login.gif" is in the cache already and will not be downloaded again  	[MsgId: MMSG-26655]
Action.c(126): t=6132608ms: 5-byte chunked response overhead for "http://localhost:1080/cgi-bin/nav.pl?in=home" (RelFrameId=1.1, Internal ID=894)
Action.c(126):     0\r\n
Action.c(126):     \r\n
Action.c(126): t=6132608ms: Request done "http://localhost:1080/cgi-bin/nav.pl?in=home"  	[MsgId: MMSG-26000]
Action.c(126): Registered web_reg_find successful for "Text=Welcome to the Web Tours site." (count=1)  	[MsgId: MMSG-26364]
Action.c(126): web_url("SignOff Button") was successful, 2172 body bytes, 582 header bytes, 24 chunking overhead bytes  	[MsgId: MMSG-26385]
Action.c(136): Notify: Transaction "Logout" ended with a "Pass" status (Duration: 4,0572 Think Time: 4,0012 Wasted Time: 0,0000).	[MsgId: MMSG-16870]
Action.c(140): Notify: Transaction "UC1_Login&Logout" ended with a "Pass" status (Duration: 22,4741 Think Time: 12,0027 Wasted Time: 0,0009).	[MsgId: MMSG-16870]
Ending action Action.	[MsgId: MMSG-15918]
Action was aborted.	[MsgId: MMSG-10694]
Ending Vuser...	[MsgId: MMSG-15966]
Starting action vuser_end.	[MsgId: MMSG-15919]
Ending action vuser_end.	[MsgId: MMSG-15918]
Vuser Terminated.	[MsgId: MMSG-15963]
Action.c(103): t=6132608ms: Closed connection [0] to localhost:1080 after completing 6 request(s)  	[MsgId: MMSG-26000]
Action.c(103): t=6132608ms: Closed connection [1] to localhost:1080 after completing 4 request(s)  	[MsgId: MMSG-26000]
Action.c(103): t=6132608ms: Closed connection [2] to localhost:1080 after completing 2 request(s)  	[MsgId: MMSG-26000]
Action.c(103): t=6132608ms: Closed connection [3] to localhost:1080 after completing 2 request(s)  	[MsgId: MMSG-26000]
Action.c(103): t=6132608ms: Closed connection [4] to localhost:1080 after completing 1 request(s)  	[MsgId: MMSG-26000]
Action.c(103): t=6132608ms: Closed connection [5] to localhost:1080 after completing 1 request(s)  	[MsgId: MMSG-26000]
HTML-Mode memory management statistics: Reusable=61, NonReusable=0, CsMemBlockSize=4096, checks disabled  	[MsgId: MMSG-26000]
Vuser 3 (thread 26436), ended OK."	[MsgId: MMSG-10695]
