Action.c(22): web_add_auto_header("DNT") was successful  	[MsgId: MMSG-26392]
Action.c(25): web_add_auto_header("Upgrade-Insecure-Requests") started  	[MsgId: MMSG-26355]
Action.c(25): web_add_auto_header("Upgrade-Insecure-Requests") was successful  	[MsgId: MMSG-26392]
Action.c(29): web_reg_save_param_attrib started  	[MsgId: MMSG-26355]
Action.c(29): Registering web_reg_save_param_attrib was successful  	[MsgId: MMSG-26390]
Action.c(41): web_reg_find started  	[MsgId: MMSG-26355]
Action.c(41): Registering web_reg_find was successful  	[MsgId: MMSG-26390]
Action.c(43): web_url("WebTours") started  	[MsgId: MMSG-26355]
Action.c(43): Error -27792: Failed to connect to server "localhost:1080": [10061] Connection refused  	[MsgId: MERR-27792]
Action.c(43): Error -35048: No match found for the requested parameter "userSession". Check whether the tag with specific attributes exists in the response data  	[MsgId: MERR-35048]
Action.c(43): Error -26366: "Text=Welcome to the Web Tours site." not found for web_reg_find  	[MsgId: MERR-26366]
Action.c(43): Error -26374: The above "not found" error(s) may be explained by header and body byte counts being 0 and 0, respectively.  	[MsgId: MERR-26374]
End auto log messages stack.	[MsgId: MMSG-10544]


Start auto log messages stack - Iteration 61.	[MsgId: MMSG-10545]
Action.c(22): web_add_auto_header("DNT") started  	[MsgId: MMSG-26355]
Action.c(22): web_add_auto_header("DNT") was successful  	[MsgId: MMSG-26392]
Action.c(25): web_add_auto_header("Upgrade-Insecure-Requests") started  	[MsgId: MMSG-26355]
Action.c(25): web_add_auto_header("Upgrade-Insecure-Requests") was successful  	[MsgId: MMSG-26392]
Action.c(29): web_reg_save_param_attrib started  	[MsgId: MMSG-26355]
Action.c(29): Registering web_reg_save_param_attrib was successful  	[MsgId: MMSG-26390]
Action.c(41): web_reg_find started  	[MsgId: MMSG-26355]
Action.c(41): Registering web_reg_find was successful  	[MsgId: MMSG-26390]
Action.c(43): web_url("WebTours") started  	[MsgId: MMSG-26355]
Action.c(43): Error -27792: Failed to connect to server "localhost:1080": [10061] Connection refused  	[MsgId: MERR-27792]
Action.c(43): Error -35048: No match found for the requested parameter "userSession". Check whether the tag with specific attributes exists in the response data  	[MsgId: MERR-35048]
Action.c(43): Error -26366: "Text=Welcome to the Web Tours site." not found for web_reg_find  	[MsgId: MERR-26366]
Action.c(43): Error -26374: The above "not found" error(s) may be explained by header and body byte counts being 0 and 0, respectively.  	[MsgId: MERR-26374]
End auto log messages stack.	[MsgId: MMSG-10544]


Start auto log messages stack - Iteration 62.	[MsgId: MMSG-10545]
Action.c(22): web_add_auto_header("DNT") started  	[MsgId: MMSG-26355]
Action.c(22): web_add_auto_header("DNT") was successful  	[MsgId: MMSG-26392]
Action.c(25): web_add_auto_header("Upgrade-Insecure-Requests") started  	[MsgId: MMSG-26355]
Action.c(25): web_add_auto_header("Upgrade-Insecure-Requests") was successful  	[MsgId: MMSG-26392]
Action.c(29): web_reg_save_param_attrib started  	[MsgId: MMSG-26355]
Action.c(29): Registering web_reg_save_param_attrib was successful  	[MsgId: MMSG-26390]
Action.c(41): web_reg_find started  	[MsgId: MMSG-26355]
Action.c(41): Registering web_reg_find was successful  	[MsgId: MMSG-26390]
Action.c(43): web_url("WebTours") started  	[MsgId: MMSG-26355]
Action.c(43): Error -27792: Failed to connect to server "localhost:1080": [10061] Connection refused  	[MsgId: MERR-27792]
Action.c(43): Error -35048: No match found for the requested parameter "userSession". Check whether the tag with specific attributes exists in the response data  	[MsgId: MERR-35048]
Action.c(43): Error -26366: "Text=Welcome to the Web Tours site." not found for web_reg_find  	[MsgId: MERR-26366]
Action.c(43): Error -26374: The above "not found" error(s) may be explained by header and body byte counts being 0 and 0, respectively.  	[MsgId: MERR-26374]
End auto log messages stack.	[MsgId: MMSG-10544]


Start auto log messages stack - Iteration 62.	[MsgId: MMSG-10545]
Action.c(22): web_add_auto_header("DNT") started  	[MsgId: MMSG-26355]
Action.c(22): web_add_auto_header("DNT") was successful  	[MsgId: MMSG-26392]
Action.c(25): web_add_auto_header("Upgrade-Insecure-Requests") started  	[MsgId: MMSG-26355]
Action.c(25): web_add_auto_header("Upgrade-Insecure-Requests") was successful  	[MsgId: MMSG-26392]
Action.c(29): web_reg_save_param_attrib started  	[MsgId: MMSG-26355]
Action.c(29): Registering web_reg_save_param_attrib was successful  	[MsgId: MMSG-26390]
Action.c(41): web_reg_find started  	[MsgId: MMSG-26355]
Action.c(41): Registering web_reg_find was successful  	[MsgId: MMSG-26390]
Action.c(43): web_url("WebTours") started  	[MsgId: MMSG-26355]
Action.c(43): Error -27792: Failed to connect to server "localhost:1080": [10061] Connection refused  	[MsgId: MERR-27792]
Action.c(43): Error -35048: No match found for the requested parameter "userSession". Check whether the tag with specific attributes exists in the response data  	[MsgId: MERR-35048]
Action.c(43): Error -26366: "Text=Welcome to the Web Tours site." not found for web_reg_find  	[MsgId: MERR-26366]
Action.c(43): Error -26374: The above "not found" error(s) may be explained by header and body byte counts being 0 and 0, respectively.  	[MsgId: MERR-26374]
End auto log messages stack.	[MsgId: MMSG-10544]


Start auto log messages stack - Iteration 60.	[MsgId: MMSG-10545]
Action.c(22): web_add_auto_header("DNT") started  	[MsgId: MMSG-26355]
Action.c(22): web_add_auto_header("DNT") was successful  	[MsgId: MMSG-26392]
Action.c(25): web_add_auto_header("Upgrade-Insecure-Requests") started  	[MsgId: MMSG-26355]
Action.c(25): web_add_auto_header("Upgrade-Insecure-Requests") was successful  	[MsgId: MMSG-26392]
Action.c(29): web_reg_save_param_attrib started  	[MsgId: MMSG-26355]
Action.c(29): Registering web_reg_save_param_attrib was successful  	[MsgId: MMSG-26390]
Action.c(41): web_reg_find started  	[MsgId: MMSG-26355]
Action.c(41): Registering web_reg_find was successful  	[MsgId: MMSG-26390]
Action.c(43): web_url("WebTours") started  	[MsgId: MMSG-26355]
Action.c(43): Error -27792: Failed to connect to server "localhost:1080": [10061] Connection refused  	[MsgId: MERR-27792]
Action.c(43): Error -35048: No match found for the requested parameter "userSession". Check whether the tag with specific attributes exists in the response data  	[MsgId: MERR-35048]
Action.c(43): Error -26366: "Text=Welcome to the Web Tours site." not found for web_reg_find  	[MsgId: MERR-26366]
Action.c(43): Error -26374: The above "not found" error(s) may be explained by header and body byte counts being 0 and 0, respectively.  	[MsgId: MERR-26374]
End auto log messages stack.	[MsgId: MMSG-10544]


Start auto log messages stack - Iteration 63.	[MsgId: MMSG-10545]
Action.c(22): web_add_auto_header("DNT") started  	[MsgId: MMSG-26355]
Action.c(22): web_add_auto_header("DNT") was successful  	[MsgId: MMSG-26392]
Action.c(25): web_add_auto_header("Upgrade-Insecure-Requests") started  	[MsgId: MMSG-26355]
Action.c(25): web_add_auto_header("Upgrade-Insecure-Requests") was successful  	[MsgId: MMSG-26392]
Action.c(29): web_reg_save_param_attrib started  	[MsgId: MMSG-26355]
Action.c(29): Registering web_reg_save_param_attrib was successful  	[MsgId: MMSG-26390]
Action.c(41): web_reg_find started  	[MsgId: MMSG-26355]
Action.c(41): Registering web_reg_find was successful  	[MsgId: MMSG-26390]
Action.c(43): web_url("WebTours") started  	[MsgId: MMSG-26355]
Action.c(43): Error -27792: Failed to connect to server "localhost:1080": [10061] Connection refused  	[MsgId: MERR-27792]
Action.c(43): Error -35048: No match found for the requested parameter "userSession". Check whether the tag with specific attributes exists in the response data  	[MsgId: MERR-35048]
Action.c(43): Error -26366: "Text=Welcome to the Web Tours site." not found for web_reg_find  	[MsgId: MERR-26366]
Action.c(43): Error -26374: The above "not found" error(s) may be explained by header and body byte counts being 0 and 0, respectively.  	[MsgId: MERR-26374]
End auto log messages stack.	[MsgId: MMSG-10544]


Start auto log messages stack - Iteration 61.	[MsgId: MMSG-10545]
Action.c(22): web_add_auto_header("DNT") started  	[MsgId: MMSG-26355]
Action.c(22): web_add_auto_header("DNT") was successful  	[MsgId: MMSG-26392]
Action.c(25): web_add_auto_header("Upgrade-Insecure-Requests") started  	[MsgId: MMSG-26355]
Action.c(25): web_add_auto_header("Upgrade-Insecure-Requests") was successful  	[MsgId: MMSG-26392]
Action.c(29): web_reg_save_param_attrib started  	[MsgId: MMSG-26355]
Action.c(29): Registering web_reg_save_param_attrib was successful  	[MsgId: MMSG-26390]
Action.c(41): web_reg_find started  	[MsgId: MMSG-26355]
Action.c(41): Registering web_reg_find was successful  	[MsgId: MMSG-26390]
Action.c(43): web_url("WebTours") started  	[MsgId: MMSG-26355]
Action.c(43): Error -27792: Failed to connect to server "localhost:1080": [10061] Connection refused  	[MsgId: MERR-27792]
Action.c(43): Error -35048: No match found for the requested parameter "userSession". Check whether the tag with specific attributes exists in the response data  	[MsgId: MERR-35048]
Action.c(43): Error -26366: "Text=Welcome to the Web Tours site." not found for web_reg_find  	[MsgId: MERR-26366]
Action.c(43): Error -26374: The above "not found" error(s) may be explained by header and body byte counts being 0 and 0, respectively.  	[MsgId: MERR-26374]
End auto log messages stack.	[MsgId: MMSG-10544]


Start auto log messages stack - Iteration 62.	[MsgId: MMSG-10545]
Action.c(22): web_add_auto_header("DNT") started  	[MsgId: MMSG-26355]
Action.c(22): web_add_auto_header("DNT") was successful  	[MsgId: MMSG-26392]
Action.c(25): web_add_auto_header("Upgrade-Insecure-Requests") started  	[MsgId: MMSG-26355]
Action.c(25): web_add_auto_header("Upgrade-Insecure-Requests") was successful  	[MsgId: MMSG-26392]
Action.c(29): web_reg_save_param_attrib started  	[MsgId: MMSG-26355]
Action.c(29): Registering web_reg_save_param_attrib was successful  	[MsgId: MMSG-26390]
Action.c(41): web_reg_find started  	[MsgId: MMSG-26355]
Action.c(41): Registering web_reg_find was successful  	[MsgId: MMSG-26390]
Action.c(43): web_url("WebTours") started  	[MsgId: MMSG-26355]
Action.c(43): Error -27792: Failed to connect to server "localhost:1080": [10061] Connection refused  	[MsgId: MERR-27792]
Action.c(43): Error -35048: No match found for the requested parameter "userSession". Check whether the tag with specific attributes exists in the response data  	[MsgId: MERR-35048]
Action.c(43): Error -26366: "Text=Welcome to the Web Tours site." not found for web_reg_find  	[MsgId: MERR-26366]
Action.c(43): Error -26374: The above "not found" error(s) may be explained by header and body byte counts being 0 and 0, respectively.  	[MsgId: MERR-26374]
End auto log messages stack.	[MsgId: MMSG-10544]


Start auto log messages stack - Iteration 60.	[MsgId: MMSG-10545]
Action.c(22): web_add_auto_header("DNT") started  	[MsgId: MMSG-26355]
Action.c(22): web_add_auto_header("DNT") was successful  	[MsgId: MMSG-26392]
Action.c(25): web_add_auto_header("Upgrade-Insecure-Requests") started  	[MsgId: MMSG-26355]
Action.c(25): web_add_auto_header("Upgrade-Insecure-Requests") was successful  	[MsgId: MMSG-26392]
Action.c(29): web_reg_save_param_attrib started  	[MsgId: MMSG-26355]
Action.c(29): Registering web_reg_save_param_attrib was successful  	[MsgId: MMSG-26390]
Action.c(41): web_reg_find started  	[MsgId: MMSG-26355]
Action.c(41): Registering web_reg_find was successful  	[MsgId: MMSG-26390]
Action.c(43): web_url("WebTours") started  	[MsgId: MMSG-26355]
Action.c(43): Error -27792: Failed to connect to server "localhost:1080": [10061] Connection refused  	[MsgId: MERR-27792]
Action.c(43): Error -35048: No match found for the requested parameter "userSession". Check whether the tag with specific attributes exists in the response data  	[MsgId: MERR-35048]
Action.c(43): Error -26366: "Text=Welcome to the Web Tours site." not found for web_reg_find  	[MsgId: MERR-26366]
Action.c(43): Error -26374: The above "not found" error(s) may be explained by header and body byte counts being 0 and 0, respectively.  	[MsgId: MERR-26374]
End auto log messages stack.	[MsgId: MMSG-10544]


Start auto log messages stack - Iteration 63.	[MsgId: MMSG-10545]
Action.c(22): web_add_auto_header("DNT") started  	[MsgId: MMSG-26355]
Action.c(22): web_add_auto_header("DNT") was successful  	[MsgId: MMSG-26392]
Action.c(25): web_add_auto_header("Upgrade-Insecure-Requests") started  	[MsgId: MMSG-26355]
Action.c(25): web_add_auto_header("Upgrade-Insecure-Requests") was successful  	[MsgId: MMSG-26392]
Action.c(29): web_reg_save_param_attrib started  	[MsgId: MMSG-26355]
Action.c(29): Registering web_reg_save_param_attrib was successful  	[MsgId: MMSG-26390]
Action.c(41): web_reg_find started  	[MsgId: MMSG-26355]
Action.c(41): Registering web_reg_find was successful  	[MsgId: MMSG-26390]
Action.c(43): web_url("WebTours") started  	[MsgId: MMSG-26355]
Action.c(43): Error -27792: Failed to connect to server "localhost:1080": [10061] Connection refused  	[MsgId: MERR-27792]
Action.c(43): Error -35048: No match found for the requested parameter "userSession". Check whether the tag with specific attributes exists in the response data  	[MsgId: MERR-35048]
Action.c(43): Error -26366: "Text=Welcome to the Web Tours site." not found for web_reg_find  	[MsgId: MERR-26366]
Action.c(43): Error -26374: The above "not found" error(s) may be explained by header and body byte counts being 0 and 0, respectively.  	[MsgId: MERR-26374]
End auto log messages stack.	[MsgId: MMSG-10544]


Start auto log messages stack - Iteration 61.	[MsgId: MMSG-10545]
Action.c(22): web_add_auto_header("DNT") started  	[MsgId: MMSG-26355]
Action.c(22): web_add_auto_header("DNT") was successful  	[MsgId: MMSG-26392]
Action.c(25): web_add_auto_header("Upgrade-Insecure-Requests") started  	[MsgId: MMSG-26355]
Action.c(25): web_add_auto_header("Upgrade-Insecure-Requests") was successful  	[MsgId: MMSG-26392]
Action.c(29): web_reg_save_param_attrib started  	[MsgId: MMSG-26355]
Action.c(29): Registering web_reg_save_param_attrib was successful  	[MsgId: MMSG-26390]
Action.c(41): web_reg_find started  	[MsgId: MMSG-26355]
Action.c(41): Registering web_reg_find was successful  	[MsgId: MMSG-26390]
Action.c(43): web_url("WebTours") started  	[MsgId: MMSG-26355]
Action.c(43): Error -27792: Failed to connect to server "localhost:1080": [10061] Connection refused  	[MsgId: MERR-27792]
Action.c(43): Error -35048: No match found for the requested parameter "userSession". Check whether the tag with specific attributes exists in the response data  	[MsgId: MERR-35048]
Action.c(43): Error -26366: "Text=Welcome to the Web Tours site." not found for web_reg_find  	[MsgId: MERR-26366]
Action.c(43): Error -26374: The above "not found" error(s) may be explained by header and body byte counts being 0 and 0, respectively.  	[MsgId: MERR-26374]
End auto log messages stack.	[MsgId: MMSG-10544]


Start auto log messages stack - Iteration 61.	[MsgId: MMSG-10545]
Action.c(22): web_add_auto_header("DNT") started  	[MsgId: MMSG-26355]
Action.c(22): web_add_auto_header("DNT") was successful  	[MsgId: MMSG-26392]
Action.c(25): web_add_auto_header("Upgrade-Insecure-Requests") started  	[MsgId: MMSG-26355]
Action.c(25): web_add_auto_header("Upgrade-Insecure-Requests") was successful  	[MsgId: MMSG-26392]
Action.c(29): web_reg_save_param_attrib started  	[MsgId: MMSG-26355]
Action.c(29): Registering web_reg_save_param_attrib was successful  	[MsgId: MMSG-26390]
Action.c(41): web_reg_find started  	[MsgId: MMSG-26355]
Action.c(41): Registering web_reg_find was successful  	[MsgId: MMSG-26390]
Action.c(43): web_url("WebTours") started  	[MsgId: MMSG-26355]
Action.c(43): Error -27792: Failed to connect to server "localhost:1080": [10061] Connection refused  	[MsgId: MERR-27792]
Action.c(43): Error -35048: No match found for the requested parameter "userSession". Check whether the tag with specific attributes exists in the response data  	[MsgId: MERR-35048]
Action.c(43): Error -26366: "Text=Welcome to the Web Tours site." not found for web_reg_find  	[MsgId: MERR-26366]
Action.c(43): Error -26374: The above "not found" error(s) may be explained by header and body byte counts being 0 and 0, respectively.  	[MsgId: MERR-26374]
End auto log messages stack.	[MsgId: MMSG-10544]


Start auto log messages stack - Iteration 62.	[MsgId: MMSG-10545]
Action.c(22): web_add_auto_header("DNT") started  	[MsgId: MMSG-26355]
Action.c(22): web_add_auto_header("DNT") was successful  	[MsgId: MMSG-26392]
Action.c(25): web_add_auto_header("Upgrade-Insecure-Requests") started  	[MsgId: MMSG-26355]
Action.c(25): web_add_auto_header("Upgrade-Insecure-Requests") was successful  	[MsgId: MMSG-26392]
Action.c(29): web_reg_save_param_attrib started  	[MsgId: MMSG-26355]
Action.c(29): Registering web_reg_save_param_attrib was successful  	[MsgId: MMSG-26390]
Action.c(41): web_reg_find started  	[MsgId: MMSG-26355]
Action.c(41): Registering web_reg_find was successful  	[MsgId: MMSG-26390]
Action.c(43): web_url("WebTours") started  	[MsgId: MMSG-26355]
Action.c(43): Error -27792: Failed to connect to server "localhost:1080": [10061] Connection refused  	[MsgId: MERR-27792]
Action.c(43): Error -35048: No match found for the requested parameter "userSession". Check whether the tag with specific attributes exists in the response data  	[MsgId: MERR-35048]
Action.c(43): Error -26366: "Text=Welcome to the Web Tours site." not found for web_reg_find  	[MsgId: MERR-26366]
Action.c(43): Error -26374: The above "not found" error(s) may be explained by header and body byte counts being 0 and 0, respectively.  	[MsgId: MERR-26374]
End auto log messages stack.	[MsgId: MMSG-10544]


Start auto log messages stack - Iteration 62.	[MsgId: MMSG-10545]
Action.c(22): web_add_auto_header("DNT") started  	[MsgId: MMSG-26355]
Action.c(22): web_add_auto_header("DNT") was successful  	[MsgId: MMSG-26392]
Action.c(25): web_add_auto_header("Upgrade-Insecure-Requests") started  	[MsgId: MMSG-26355]
Action.c(25): web_add_auto_header("Upgrade-Insecure-Requests") was successful  	[MsgId: MMSG-26392]
Action.c(29): web_reg_save_param_attrib started  	[MsgId: MMSG-26355]
Action.c(29): Registering web_reg_save_param_attrib was successful  	[MsgId: MMSG-26390]
Action.c(41): web_reg_find started  	[MsgId: MMSG-26355]
Action.c(41): Registering web_reg_find was successful  	[MsgId: MMSG-26390]
Action.c(43): web_url("WebTours") started  	[MsgId: MMSG-26355]
Action.c(43): Error -27792: Failed to connect to server "localhost:1080": [10061] Connection refused  	[MsgId: MERR-27792]
Action.c(43): Error -35048: No match found for the requested parameter "userSession". Check whether the tag with specific attributes exists in the response data  	[MsgId: MERR-35048]
Action.c(43): Error -26366: "Text=Welcome to the Web Tours site." not found for web_reg_find  	[MsgId: MERR-26366]
Action.c(43): Error -26374: The above "not found" error(s) may be explained by header and body byte counts being 0 and 0, respectively.  	[MsgId: MERR-26374]
End auto log messages stack.	[MsgId: MMSG-10544]


Start auto log messages stack - Iteration 63.	[MsgId: MMSG-10545]
Action.c(22): web_add_auto_header("DNT") started  	[MsgId: MMSG-26355]
Action.c(22): web_add_auto_header("DNT") was successful  	[MsgId: MMSG-26392]
Action.c(25): web_add_auto_header("Upgrade-Insecure-Requests") started  	[MsgId: MMSG-26355]
Action.c(25): web_add_auto_header("Upgrade-Insecure-Requests") was successful  	[MsgId: MMSG-26392]
Action.c(29): web_reg_save_param_attrib started  	[MsgId: MMSG-26355]
Action.c(29): Registering web_reg_save_param_attrib was successful  	[MsgId: MMSG-26390]
Action.c(41): web_reg_find started  	[MsgId: MMSG-26355]
Action.c(41): Registering web_reg_find was successful  	[MsgId: MMSG-26390]
Action.c(43): web_url("WebTours") started  	[MsgId: MMSG-26355]
Action.c(43): Error -27792: Failed to connect to server "localhost:1080": [10061] Connection refused  	[MsgId: MERR-27792]
Action.c(43): Error -35048: No match found for the requested parameter "userSession". Check whether the tag with specific attributes exists in the response data  	[MsgId: MERR-35048]
Action.c(43): Error -26366: "Text=Welcome to the Web Tours site." not found for web_reg_find  	[MsgId: MERR-26366]
Action.c(43): Error -26374: The above "not found" error(s) may be explained by header and body byte counts being 0 and 0, respectively.  	[MsgId: MERR-26374]
End auto log messages stack.	[MsgId: MMSG-10544]


Start auto log messages stack - Iteration 63.	[MsgId: MMSG-10545]
Action.c(22): web_add_auto_header("DNT") started  	[MsgId: MMSG-26355]
Action.c(22): web_add_auto_header("DNT") was successful  	[MsgId: MMSG-26392]
Action.c(25): web_add_auto_header("Upgrade-Insecure-Requests") started  	[MsgId: MMSG-26355]
Action.c(25): web_add_auto_header("Upgrade-Insecure-Requests") was successful  	[MsgId: MMSG-26392]
Action.c(29): web_reg_save_param_attrib started  	[MsgId: MMSG-26355]
Action.c(29): Registering web_reg_save_param_attrib was successful  	[MsgId: MMSG-26390]
Action.c(41): web_reg_find started  	[MsgId: MMSG-26355]
Action.c(41): Registering web_reg_find was successful  	[MsgId: MMSG-26390]
Action.c(43): web_url("WebTours") started  	[MsgId: MMSG-26355]
Action.c(43): Error -27792: Failed to connect to server "localhost:1080": [10061] Connection refused  	[MsgId: MERR-27792]
Action.c(43): Error -35048: No match found for the requested parameter "userSession". Check whether the tag with specific attributes exists in the response data  	[MsgId: MERR-35048]
Action.c(43): Error -26366: "Text=Welcome to the Web Tours site." not found for web_reg_find  	[MsgId: MERR-26366]
Action.c(43): Error -26374: The above "not found" error(s) may be explained by header and body byte counts being 0 and 0, respectively.  	[MsgId: MERR-26374]
End auto log messages stack.	[MsgId: MMSG-10544]


Start auto log messages stack - Iteration 61.	[MsgId: MMSG-10545]
Action.c(22): web_add_auto_header("DNT") started  	[MsgId: MMSG-26355]
Action.c(22): web_add_auto_header("DNT") was successful  	[MsgId: MMSG-26392]
Action.c(25): web_add_auto_header("Upgrade-Insecure-Requests") started  	[MsgId: MMSG-26355]
Action.c(25): web_add_auto_header("Upgrade-Insecure-Requests") was successful  	[MsgId: MMSG-26392]
Action.c(29): web_reg_save_param_attrib started  	[MsgId: MMSG-26355]
Action.c(29): Registering web_reg_save_param_attrib was successful  	[MsgId: MMSG-26390]
Action.c(41): web_reg_find started  	[MsgId: MMSG-26355]
Action.c(41): Registering web_reg_find was successful  	[MsgId: MMSG-26390]
Action.c(43): web_url("WebTours") started  	[MsgId: MMSG-26355]
Action.c(43): Error -27792: Failed to connect to server "localhost:1080": [10061] Connection refused  	[MsgId: MERR-27792]
Action.c(43): Error -35048: No match found for the requested parameter "userSession". Check whether the tag with specific attributes exists in the response data  	[MsgId: MERR-35048]
Action.c(43): Error -26366: "Text=Welcome to the Web Tours site." not found for web_reg_find  	[MsgId: MERR-26366]
Action.c(43): Error -26374: The above "not found" error(s) may be explained by header and body byte counts being 0 and 0, respectively.  	[MsgId: MERR-26374]
End auto log messages stack.	[MsgId: MMSG-10544]


Start auto log messages stack - Iteration 64.	[MsgId: MMSG-10545]
Action.c(22): web_add_auto_header("DNT") started  	[MsgId: MMSG-26355]
Action.c(22): web_add_auto_header("DNT") was successful  	[MsgId: MMSG-26392]
Action.c(25): web_add_auto_header("Upgrade-Insecure-Requests") started  	[MsgId: MMSG-26355]
Action.c(25): web_add_auto_header("Upgrade-Insecure-Requests") was successful  	[MsgId: MMSG-26392]
Action.c(29): web_reg_save_param_attrib started  	[MsgId: MMSG-26355]
Action.c(29): Registering web_reg_save_param_attrib was successful  	[MsgId: MMSG-26390]
Action.c(41): web_reg_find started  	[MsgId: MMSG-26355]
Action.c(41): Registering web_reg_find was successful  	[MsgId: MMSG-26390]
Action.c(43): web_url("WebTours") started  	[MsgId: MMSG-26355]
Action.c(43): Error -27792: Failed to connect to server "localhost:1080": [10061] Connection refused  	[MsgId: MERR-27792]
Action.c(43): Error -35048: No match found for the requested parameter "userSession". Check whether the tag with specific attributes exists in the response data  	[MsgId: MERR-35048]
Action.c(43): Error -26366: "Text=Welcome to the Web Tours site." not found for web_reg_find  	[MsgId: MERR-26366]
Action.c(43): Error -26374: The above "not found" error(s) may be explained by header and body byte counts being 0 and 0, respectively.  	[MsgId: MERR-26374]
End auto log messages stack.	[MsgId: MMSG-10544]


Start auto log messages stack - Iteration 62.	[MsgId: MMSG-10545]
Action.c(22): web_add_auto_header("DNT") started  	[MsgId: MMSG-26355]
Action.c(22): web_add_auto_header("DNT") was successful  	[MsgId: MMSG-26392]
Action.c(25): web_add_auto_header("Upgrade-Insecure-Requests") started  	[MsgId: MMSG-26355]
Action.c(25): web_add_auto_header("Upgrade-Insecure-Requests") was successful  	[MsgId: MMSG-26392]
Action.c(29): web_reg_save_param_attrib started  	[MsgId: MMSG-26355]
Action.c(29): Registering web_reg_save_param_attrib was successful  	[MsgId: MMSG-26390]
Action.c(41): web_reg_find started  	[MsgId: MMSG-26355]
Action.c(41): Registering web_reg_find was successful  	[MsgId: MMSG-26390]
Action.c(43): web_url("WebTours") started  	[MsgId: MMSG-26355]
Action.c(43): Error -27792: Failed to connect to server "localhost:1080": [10061] Connection refused  	[MsgId: MERR-27792]
Action.c(43): Error -35048: No match found for the requested parameter "userSession". Check whether the tag with specific attributes exists in the response data  	[MsgId: MERR-35048]
Action.c(43): Error -26366: "Text=Welcome to the Web Tours site." not found for web_reg_find  	[MsgId: MERR-26366]
Action.c(43): Error -26374: The above "not found" error(s) may be explained by header and body byte counts being 0 and 0, respectively.  	[MsgId: MERR-26374]
End auto log messages stack.	[MsgId: MMSG-10544]


Start auto log messages stack - Iteration 63.	[MsgId: MMSG-10545]
Action.c(22): web_add_auto_header("DNT") started  	[MsgId: MMSG-26355]
Action.c(22): web_add_auto_header("DNT") was successful  	[MsgId: MMSG-26392]
Action.c(25): web_add_auto_header("Upgrade-Insecure-Requests") started  	[MsgId: MMSG-26355]
Action.c(25): web_add_auto_header("Upgrade-Insecure-Requests") was successful  	[MsgId: MMSG-26392]
Action.c(29): web_reg_save_param_attrib started  	[MsgId: MMSG-26355]
Action.c(29): Registering web_reg_save_param_attrib was successful  	[MsgId: MMSG-26390]
Action.c(41): web_reg_find started  	[MsgId: MMSG-26355]
Action.c(41): Registering web_reg_find was successful  	[MsgId: MMSG-26390]
Action.c(43): web_url("WebTours") started  	[MsgId: MMSG-26355]
Action.c(43): Error -27792: Failed to connect to server "localhost:1080": [10061] Connection refused  	[MsgId: MERR-27792]
Action.c(43): Error -35048: No match found for the requested parameter "userSession". Check whether the tag with specific attributes exists in the response data  	[MsgId: MERR-35048]
Action.c(43): Error -26366: "Text=Welcome to the Web Tours site." not found for web_reg_find  	[MsgId: MERR-26366]
Action.c(43): Error -26374: The above "not found" error(s) may be explained by header and body byte counts being 0 and 0, respectively.  	[MsgId: MERR-26374]
End auto log messages stack.	[MsgId: MMSG-10544]


Start auto log messages stack - Iteration 61.	[MsgId: MMSG-10545]
Action.c(22): web_add_auto_header("DNT") started  	[MsgId: MMSG-26355]
Action.c(22): web_add_auto_header("DNT") was successful  	[MsgId: MMSG-26392]
Action.c(25): web_add_auto_header("Upgrade-Insecure-Requests") started  	[MsgId: MMSG-26355]
Action.c(25): web_add_auto_header("Upgrade-Insecure-Requests") was successful  	[MsgId: MMSG-26392]
Action.c(29): web_reg_save_param_attrib started  	[MsgId: MMSG-26355]
Action.c(29): Registering web_reg_save_param_attrib was successful  	[MsgId: MMSG-26390]
Action.c(41): web_reg_find started  	[MsgId: MMSG-26355]
Action.c(41): Registering web_reg_find was successful  	[MsgId: MMSG-26390]
Action.c(43): web_url("WebTours") started  	[MsgId: MMSG-26355]
Action.c(43): Error -27792: Failed to connect to server "localhost:1080": [10061] Connection refused  	[MsgId: MERR-27792]
Action.c(43): Error -35048: No match found for the requested parameter "userSession". Check whether the tag with specific attributes exists in the response data  	[MsgId: MERR-35048]
Action.c(43): Error -26366: "Text=Welcome to the Web Tours site." not found for web_reg_find  	[MsgId: MERR-26366]
Action.c(43): Error -26374: The above "not found" error(s) may be explained by header and body byte counts being 0 and 0, respectively.  	[MsgId: MERR-26374]
End auto log messages stack.	[MsgId: MMSG-10544]


Start auto log messages stack - Iteration 64.	[MsgId: MMSG-10545]
Action.c(22): web_add_auto_header("DNT") started  	[MsgId: MMSG-26355]
Action.c(22): web_add_auto_header("DNT") was successful  	[MsgId: MMSG-26392]
Action.c(25): web_add_auto_header("Upgrade-Insecure-Requests") started  	[MsgId: MMSG-26355]
Action.c(25): web_add_auto_header("Upgrade-Insecure-Requests") was successful  	[MsgId: MMSG-26392]
Action.c(29): web_reg_save_param_attrib started  	[MsgId: MMSG-26355]
Action.c(29): Registering web_reg_save_param_attrib was successful  	[MsgId: MMSG-26390]
Action.c(41): web_reg_find started  	[MsgId: MMSG-26355]
Action.c(41): Registering web_reg_find was successful  	[MsgId: MMSG-26390]
Action.c(43): web_url("WebTours") started  	[MsgId: MMSG-26355]
Action.c(43): Error -27792: Failed to connect to server "localhost:1080": [10061] Connection refused  	[MsgId: MERR-27792]
Action.c(43): Error -35048: No match found for the requested parameter "userSession". Check whether the tag with specific attributes exists in the response data  	[MsgId: MERR-35048]
Action.c(43): Error -26366: "Text=Welcome to the Web Tours site." not found for web_reg_find  	[MsgId: MERR-26366]
Action.c(43): Error -26374: The above "not found" error(s) may be explained by header and body byte counts being 0 and 0, respectively.  	[MsgId: MERR-26374]
End auto log messages stack.	[MsgId: MMSG-10544]


Start auto log messages stack - Iteration 62.	[MsgId: MMSG-10545]
Action.c(22): web_add_auto_header("DNT") started  	[MsgId: MMSG-26355]
Action.c(22): web_add_auto_header("DNT") was successful  	[MsgId: MMSG-26392]
Action.c(25): web_add_auto_header("Upgrade-Insecure-Requests") started  	[MsgId: MMSG-26355]
Action.c(25): web_add_auto_header("Upgrade-Insecure-Requests") was successful  	[MsgId: MMSG-26392]
Action.c(29): web_reg_save_param_attrib started  	[MsgId: MMSG-26355]
Action.c(29): Registering web_reg_save_param_attrib was successful  	[MsgId: MMSG-26390]
Action.c(41): web_reg_find started  	[MsgId: MMSG-26355]
Action.c(41): Registering web_reg_find was successful  	[MsgId: MMSG-26390]
Action.c(43): web_url("WebTours") started  	[MsgId: MMSG-26355]
Action.c(43): Error -27792: Failed to connect to server "localhost:1080": [10061] Connection refused  	[MsgId: MERR-27792]
Action.c(43): Error -35048: No match found for the requested parameter "userSession". Check whether the tag with specific attributes exists in the response data  	[MsgId: MERR-35048]
Action.c(43): Error -26366: "Text=Welcome to the Web Tours site." not found for web_reg_find  	[MsgId: MERR-26366]
Action.c(43): Error -26374: The above "not found" error(s) may be explained by header and body byte counts being 0 and 0, respectively.  	[MsgId: MERR-26374]
End auto log messages stack.	[MsgId: MMSG-10544]


Start auto log messages stack - Iteration 62.	[MsgId: MMSG-10545]
Action.c(22): web_add_auto_header("DNT") started  	[MsgId: MMSG-26355]
Action.c(22): web_add_auto_header("DNT") was successful  	[MsgId: MMSG-26392]
Action.c(25): web_add_auto_header("Upgrade-Insecure-Requests") started  	[MsgId: MMSG-26355]
Action.c(25): web_add_auto_header("Upgrade-Insecure-Requests") was successful  	[MsgId: MMSG-26392]
Action.c(29): web_reg_save_param_attrib started  	[MsgId: MMSG-26355]
Action.c(29): Registering web_reg_save_param_attrib was successful  	[MsgId: MMSG-26390]
Action.c(41): web_reg_find started  	[MsgId: MMSG-26355]
Action.c(41): Registering web_reg_find was successful  	[MsgId: MMSG-26390]
Action.c(43): web_url("WebTours") started  	[MsgId: MMSG-26355]
Action.c(43): Error -27792: Failed to connect to server "localhost:1080": [10061] Connection refused  	[MsgId: MERR-27792]
Action.c(43): Error -35048: No match found for the requested parameter "userSession". Check whether the tag with specific attributes exists in the response data  	[MsgId: MERR-35048]
Action.c(43): Error -26366: "Text=Welcome to the Web Tours site." not found for web_reg_find  	[MsgId: MERR-26366]
Action.c(43): Error -26374: The above "not found" error(s) may be explained by header and body byte counts being 0 and 0, respectively.  	[MsgId: MERR-26374]
End auto log messages stack.	[MsgId: MMSG-10544]


Start auto log messages stack - Iteration 63.	[MsgId: MMSG-10545]
Action.c(22): web_add_auto_header("DNT") started  	[MsgId: MMSG-26355]
Action.c(22): web_add_auto_header("DNT") was successful  	[MsgId: MMSG-26392]
Action.c(25): web_add_auto_header("Upgrade-Insecure-Requests") started  	[MsgId: MMSG-26355]
Action.c(25): web_add_auto_header("Upgrade-Insecure-Requests") was successful  	[MsgId: MMSG-26392]
Action.c(29): web_reg_save_param_attrib started  	[MsgId: MMSG-26355]
Action.c(29): Registering web_reg_save_param_attrib was successful  	[MsgId: MMSG-26390]
Action.c(41): web_reg_find started  	[MsgId: MMSG-26355]
Action.c(41): Registering web_reg_find was successful  	[MsgId: MMSG-26390]
Action.c(43): web_url("WebTours") started  	[MsgId: MMSG-26355]
Action.c(43): Error -27792: Failed to connect to server "localhost:1080": [10061] Connection refused  	[MsgId: MERR-27792]
Action.c(43): Error -35048: No match found for the requested parameter "userSession". Check whether the tag with specific attributes exists in the response data  	[MsgId: MERR-35048]
Action.c(43): Error -26366: "Text=Welcome to the Web Tours site." not found for web_reg_find  	[MsgId: MERR-26366]
Action.c(43): Error -26374: The above "not found" error(s) may be explained by header and body byte counts being 0 and 0, respectively.  	[MsgId: MERR-26374]
End auto log messages stack.	[MsgId: MMSG-10544]


Start auto log messages stack - Iteration 63.	[MsgId: MMSG-10545]
Action.c(22): web_add_auto_header("DNT") started  	[MsgId: MMSG-26355]
Action.c(22): web_add_auto_header("DNT") was successful  	[MsgId: MMSG-26392]
Action.c(25): web_add_auto_header("Upgrade-Insecure-Requests") started  	[MsgId: MMSG-26355]
Action.c(25): web_add_auto_header("Upgrade-Insecure-Requests") was successful  	[MsgId: MMSG-26392]
Action.c(29): web_reg_save_param_attrib started  	[MsgId: MMSG-26355]
Action.c(29): Registering web_reg_save_param_attrib was successful  	[MsgId: MMSG-26390]
Action.c(41): web_reg_find started  	[MsgId: MMSG-26355]
Action.c(41): Registering web_reg_find was successful  	[MsgId: MMSG-26390]
Action.c(43): web_url("WebTours") started  	[MsgId: MMSG-26355]
Action.c(43): Error -27792: Failed to connect to server "localhost:1080": [10061] Connection refused  	[MsgId: MERR-27792]
Action.c(43): Error -35048: No match found for the requested parameter "userSession". Check whether the tag with specific attributes exists in the response data  	[MsgId: MERR-35048]
Action.c(43): Error -26366: "Text=Welcome to the Web Tours site." not found for web_reg_find  	[MsgId: MERR-26366]
Action.c(43): Error -26374: The above "not found" error(s) may be explained by header and body byte counts being 0 and 0, respectively.  	[MsgId: MERR-26374]
End auto log messages stack.	[MsgId: MMSG-10544]


Start auto log messages stack - Iteration 64.	[MsgId: MMSG-10545]
Action.c(22): web_add_auto_header("DNT") started  	[MsgId: MMSG-26355]
Action.c(22): web_add_auto_header("DNT") was successful  	[MsgId: MMSG-26392]
Action.c(25): web_add_auto_header("Upgrade-Insecure-Requests") started  	[MsgId: MMSG-26355]
Action.c(25): web_add_auto_header("Upgrade-Insecure-Requests") was successful  	[MsgId: MMSG-26392]
Action.c(29): web_reg_save_param_attrib started  	[MsgId: MMSG-26355]
Action.c(29): Registering web_reg_save_param_attrib was successful  	[MsgId: MMSG-26390]
Action.c(41): web_reg_find started  	[MsgId: MMSG-26355]
Action.c(41): Registering web_reg_find was successful  	[MsgId: MMSG-26390]
Action.c(43): web_url("WebTours") started  	[MsgId: MMSG-26355]
Action.c(43): Error -27792: Failed to connect to server "localhost:1080": [10061] Connection refused  	[MsgId: MERR-27792]
Action.c(43): Error -35048: No match found for the requested parameter "userSession". Check whether the tag with specific attributes exists in the response data  	[MsgId: MERR-35048]
Action.c(43): Error -26366: "Text=Welcome to the Web Tours site." not found for web_reg_find  	[MsgId: MERR-26366]
Action.c(43): Error -26374: The above "not found" error(s) may be explained by header and body byte counts being 0 and 0, respectively.  	[MsgId: MERR-26374]
End auto log messages stack.	[MsgId: MMSG-10544]


Start auto log messages stack - Iteration 64.	[MsgId: MMSG-10545]
Action.c(22): web_add_auto_header("DNT") started  	[MsgId: MMSG-26355]
Action.c(22): web_add_auto_header("DNT") was successful  	[MsgId: MMSG-26392]
Action.c(25): web_add_auto_header("Upgrade-Insecure-Requests") started  	[MsgId: MMSG-26355]
Action.c(25): web_add_auto_header("Upgrade-Insecure-Requests") was successful  	[MsgId: MMSG-26392]
Action.c(29): web_reg_save_param_attrib started  	[MsgId: MMSG-26355]
Action.c(29): Registering web_reg_save_param_attrib was successful  	[MsgId: MMSG-26390]
Action.c(41): web_reg_find started  	[MsgId: MMSG-26355]
Action.c(41): Registering web_reg_find was successful  	[MsgId: MMSG-26390]
Action.c(43): web_url("WebTours") started  	[MsgId: MMSG-26355]
Action.c(43): Error -27792: Failed to connect to server "localhost:1080": [10061] Connection refused  	[MsgId: MERR-27792]
Action.c(43): Error -35048: No match found for the requested parameter "userSession". Check whether the tag with specific attributes exists in the response data  	[MsgId: MERR-35048]
Action.c(43): Error -26366: "Text=Welcome to the Web Tours site." not found for web_reg_find  	[MsgId: MERR-26366]
Action.c(43): Error -26374: The above "not found" error(s) may be explained by header and body byte counts being 0 and 0, respectively.  	[MsgId: MERR-26374]
End auto log messages stack.	[MsgId: MMSG-10544]


Start auto log messages stack - Iteration 62.	[MsgId: MMSG-10545]
Action.c(22): web_add_auto_header("DNT") started  	[MsgId: MMSG-26355]
Action.c(22): web_add_auto_header("DNT") was successful  	[MsgId: MMSG-26392]
Action.c(25): web_add_auto_header("Upgrade-Insecure-Requests") started  	[MsgId: MMSG-26355]
Action.c(25): web_add_auto_header("Upgrade-Insecure-Requests") was successful  	[MsgId: MMSG-26392]
Action.c(29): web_reg_save_param_attrib started  	[MsgId: MMSG-26355]
Action.c(29): Registering web_reg_save_param_attrib was successful  	[MsgId: MMSG-26390]
Action.c(41): web_reg_find started  	[MsgId: MMSG-26355]
Action.c(41): Registering web_reg_find was successful  	[MsgId: MMSG-26390]
Action.c(43): web_url("WebTours") started  	[MsgId: MMSG-26355]
Action.c(43): Error -27792: Failed to connect to server "localhost:1080": [10061] Connection refused  	[MsgId: MERR-27792]
Action.c(43): Error -35048: No match found for the requested parameter "userSession". Check whether the tag with specific attributes exists in the response data  	[MsgId: MERR-35048]
Action.c(43): Error -26366: "Text=Welcome to the Web Tours site." not found for web_reg_find  	[MsgId: MERR-26366]
Action.c(43): Error -26374: The above "not found" error(s) may be explained by header and body byte counts being 0 and 0, respectively.  	[MsgId: MERR-26374]
End auto log messages stack.	[MsgId: MMSG-10544]


Start auto log messages stack - Iteration 65.	[MsgId: MMSG-10545]
Action.c(22): web_add_auto_header("DNT") started  	[MsgId: MMSG-26355]
Action.c(22): web_add_auto_header("DNT") was successful  	[MsgId: MMSG-26392]
Action.c(25): web_add_auto_header("Upgrade-Insecure-Requests") started  	[MsgId: MMSG-26355]
Action.c(25): web_add_auto_header("Upgrade-Insecure-Requests") was successful  	[MsgId: MMSG-26392]
Action.c(29): web_reg_save_param_attrib started  	[MsgId: MMSG-26355]
Action.c(29): Registering web_reg_save_param_attrib was successful  	[MsgId: MMSG-26390]
Action.c(41): web_reg_find started  	[MsgId: MMSG-26355]
Action.c(41): Registering web_reg_find was successful  	[MsgId: MMSG-26390]
Action.c(43): web_url("WebTours") started  	[MsgId: MMSG-26355]
Action.c(43): Error -27792: Failed to connect to server "localhost:1080": [10061] Connection refused  	[MsgId: MERR-27792]
Action.c(43): Error -35048: No match found for the requested parameter "userSession". Check whether the tag with specific attributes exists in the response data  	[MsgId: MERR-35048]
Action.c(43): Error -26366: "Text=Welcome to the Web Tours site." not found for web_reg_find  	[MsgId: MERR-26366]
Action.c(43): Error -26374: The above "not found" error(s) may be explained by header and body byte counts being 0 and 0, respectively.  	[MsgId: MERR-26374]
End auto log messages stack.	[MsgId: MMSG-10544]


Start auto log messages stack - Iteration 63.	[MsgId: MMSG-10545]
Action.c(22): web_add_auto_header("DNT") started  	[MsgId: MMSG-26355]
Action.c(22): web_add_auto_header("DNT") was successful  	[MsgId: MMSG-26392]
Action.c(25): web_add_auto_header("Upgrade-Insecure-Requests") started  	[MsgId: MMSG-26355]
Action.c(25): web_add_auto_header("Upgrade-Insecure-Requests") was successful  	[MsgId: MMSG-26392]
Action.c(29): web_reg_save_param_attrib started  	[MsgId: MMSG-26355]
Action.c(29): Registering web_reg_save_param_attrib was successful  	[MsgId: MMSG-26390]
Action.c(41): web_reg_find started  	[MsgId: MMSG-26355]
Action.c(41): Registering web_reg_find was successful  	[MsgId: MMSG-26390]
Action.c(43): web_url("WebTours") started  	[MsgId: MMSG-26355]
Action.c(43): Error -27792: Failed to connect to server "localhost:1080": [10061] Connection refused  	[MsgId: MERR-27792]
Action.c(43): Error -35048: No match found for the requested parameter "userSession". Check whether the tag with specific attributes exists in the response data  	[MsgId: MERR-35048]
Action.c(43): Error -26366: "Text=Welcome to the Web Tours site." not found for web_reg_find  	[MsgId: MERR-26366]
Action.c(43): Error -26374: The above "not found" error(s) may be explained by header and body byte counts being 0 and 0, respectively.  	[MsgId: MERR-26374]
End auto log messages stack.	[MsgId: MMSG-10544]


Start auto log messages stack - Iteration 64.	[MsgId: MMSG-10545]
Action.c(22): web_add_auto_header("DNT") started  	[MsgId: MMSG-26355]
Action.c(22): web_add_auto_header("DNT") was successful  	[MsgId: MMSG-26392]
Action.c(25): web_add_auto_header("Upgrade-Insecure-Requests") started  	[MsgId: MMSG-26355]
Action.c(25): web_add_auto_header("Upgrade-Insecure-Requests") was successful  	[MsgId: MMSG-26392]
Action.c(29): web_reg_save_param_attrib started  	[MsgId: MMSG-26355]
Action.c(29): Registering web_reg_save_param_attrib was successful  	[MsgId: MMSG-26390]
Action.c(41): web_reg_find started  	[MsgId: MMSG-26355]
Action.c(41): Registering web_reg_find was successful  	[MsgId: MMSG-26390]
Action.c(43): web_url("WebTours") started  	[MsgId: MMSG-26355]
Action.c(43): Error -27792: Failed to connect to server "localhost:1080": [10061] Connection refused  	[MsgId: MERR-27792]
Action.c(43): Error -35048: No match found for the requested parameter "userSession". Check whether the tag with specific attributes exists in the response data  	[MsgId: MERR-35048]
Action.c(43): Error -26366: "Text=Welcome to the Web Tours site." not found for web_reg_find  	[MsgId: MERR-26366]
Action.c(43): Error -26374: The above "not found" error(s) may be explained by header and body byte counts being 0 and 0, respectively.  	[MsgId: MERR-26374]
End auto log messages stack.	[MsgId: MMSG-10544]


Start auto log messages stack - Iteration 62.	[MsgId: MMSG-10545]
Action.c(22): web_add_auto_header("DNT") started  	[MsgId: MMSG-26355]
Action.c(22): web_add_auto_header("DNT") was successful  	[MsgId: MMSG-26392]
Action.c(25): web_add_auto_header("Upgrade-Insecure-Requests") started  	[MsgId: MMSG-26355]
Action.c(25): web_add_auto_header("Upgrade-Insecure-Requests") was successful  	[MsgId: MMSG-26392]
Action.c(29): web_reg_save_param_attrib started  	[MsgId: MMSG-26355]
Action.c(29): Registering web_reg_save_param_attrib was successful  	[MsgId: MMSG-26390]
Action.c(41): web_reg_find started  	[MsgId: MMSG-26355]
Action.c(41): Registering web_reg_find was successful  	[MsgId: MMSG-26390]
Action.c(43): web_url("WebTours") started  	[MsgId: MMSG-26355]
Action.c(43): Error -27792: Failed to connect to server "localhost:1080": [10061] Connection refused  	[MsgId: MERR-27792]
Action.c(43): Error -35048: No match found for the requested parameter "userSession". Check whether the tag with specific attributes exists in the response data  	[MsgId: MERR-35048]
Action.c(43): Error -26366: "Text=Welcome to the Web Tours site." not found for web_reg_find  	[MsgId: MERR-26366]
Action.c(43): Error -26374: The above "not found" error(s) may be explained by header and body byte counts being 0 and 0, respectively.  	[MsgId: MERR-26374]
End auto log messages stack.	[MsgId: MMSG-10544]


Start auto log messages stack - Iteration 65.	[MsgId: MMSG-10545]
Action.c(22): web_add_auto_header("DNT") started  	[MsgId: MMSG-26355]
Action.c(22): web_add_auto_header("DNT") was successful  	[MsgId: MMSG-26392]
Action.c(25): web_add_auto_header("Upgrade-Insecure-Requests") started  	[MsgId: MMSG-26355]
Action.c(25): web_add_auto_header("Upgrade-Insecure-Requests") was successful  	[MsgId: MMSG-26392]
Action.c(29): web_reg_save_param_attrib started  	[MsgId: MMSG-26355]
Action.c(29): Registering web_reg_save_param_attrib was successful  	[MsgId: MMSG-26390]
Action.c(41): web_reg_find started  	[MsgId: MMSG-26355]
Action.c(41): Registering web_reg_find was successful  	[MsgId: MMSG-26390]
Action.c(43): web_url("WebTours") started  	[MsgId: MMSG-26355]
Action.c(43): Error -27792: Failed to connect to server "localhost:1080": [10061] Connection refused  	[MsgId: MERR-27792]
Action.c(43): Error -35048: No match found for the requested parameter "userSession". Check whether the tag with specific attributes exists in the response data  	[MsgId: MERR-35048]
Action.c(43): Error -26366: "Text=Welcome to the Web Tours site." not found for web_reg_find  	[MsgId: MERR-26366]
Action.c(43): Error -26374: The above "not found" error(s) may be explained by header and body byte counts being 0 and 0, respectively.  	[MsgId: MERR-26374]
End auto log messages stack.	[MsgId: MMSG-10544]


Start auto log messages stack - Iteration 63.	[MsgId: MMSG-10545]
Action.c(22): web_add_auto_header("DNT") started  	[MsgId: MMSG-26355]
Action.c(22): web_add_auto_header("DNT") was successful  	[MsgId: MMSG-26392]
Action.c(25): web_add_auto_header("Upgrade-Insecure-Requests") started  	[MsgId: MMSG-26355]
Action.c(25): web_add_auto_header("Upgrade-Insecure-Requests") was successful  	[MsgId: MMSG-26392]
Action.c(29): web_reg_save_param_attrib started  	[MsgId: MMSG-26355]
Action.c(29): Registering web_reg_save_param_attrib was successful  	[MsgId: MMSG-26390]
Action.c(41): web_reg_find started  	[MsgId: MMSG-26355]
Action.c(41): Registering web_reg_find was successful  	[MsgId: MMSG-26390]
Action.c(43): web_url("WebTours") started  	[MsgId: MMSG-26355]
Action.c(43): Error -27792: Failed to connect to server "localhost:1080": [10061] Connection refused  	[MsgId: MERR-27792]
Action.c(43): Error -35048: No match found for the requested parameter "userSession". Check whether the tag with specific attributes exists in the response data  	[MsgId: MERR-35048]
Action.c(43): Error -26366: "Text=Welcome to the Web Tours site." not found for web_reg_find  	[MsgId: MERR-26366]
Action.c(43): Error -26374: The above "not found" error(s) may be explained by header and body byte counts being 0 and 0, respectively.  	[MsgId: MERR-26374]
End auto log messages stack.	[MsgId: MMSG-10544]


Start auto log messages stack - Iteration 63.	[MsgId: MMSG-10545]
Action.c(22): web_add_auto_header("DNT") started  	[MsgId: MMSG-26355]
Action.c(22): web_add_auto_header("DNT") was successful  	[MsgId: MMSG-26392]
Action.c(25): web_add_auto_header("Upgrade-Insecure-Requests") started  	[MsgId: MMSG-26355]
Action.c(25): web_add_auto_header("Upgrade-Insecure-Requests") was successful  	[MsgId: MMSG-26392]
Action.c(29): web_reg_save_param_attrib started  	[MsgId: MMSG-26355]
Action.c(29): Registering web_reg_save_param_attrib was successful  	[MsgId: MMSG-26390]
Action.c(41): web_reg_find started  	[MsgId: MMSG-26355]
Action.c(41): Registering web_reg_find was successful  	[MsgId: MMSG-26390]
Action.c(43): web_url("WebTours") started  	[MsgId: MMSG-26355]
Action.c(43): Error -27792: Failed to connect to server "localhost:1080": [10061] Connection refused  	[MsgId: MERR-27792]
Action.c(43): Error -35048: No match found for the requested parameter "userSession". Check whether the tag with specific attributes exists in the response data  	[MsgId: MERR-35048]
Action.c(43): Error -26366: "Text=Welcome to the Web Tours site." not found for web_reg_find  	[MsgId: MERR-26366]
Action.c(43): Error -26374: The above "not found" error(s) may be explained by header and body byte counts being 0 and 0, respectively.  	[MsgId: MERR-26374]
End auto log messages stack.	[MsgId: MMSG-10544]


Start auto log messages stack - Iteration 64.	[MsgId: MMSG-10545]
Action.c(22): web_add_auto_header("DNT") started  	[MsgId: MMSG-26355]
Action.c(22): web_add_auto_header("DNT") was successful  	[MsgId: MMSG-26392]
Action.c(25): web_add_auto_header("Upgrade-Insecure-Requests") started  	[MsgId: MMSG-26355]
Action.c(25): web_add_auto_header("Upgrade-Insecure-Requests") was successful  	[MsgId: MMSG-26392]
Action.c(29): web_reg_save_param_attrib started  	[MsgId: MMSG-26355]
Action.c(29): Registering web_reg_save_param_attrib was successful  	[MsgId: MMSG-26390]
Action.c(41): web_reg_find started  	[MsgId: MMSG-26355]
Action.c(41): Registering web_reg_find was successful  	[MsgId: MMSG-26390]
Action.c(43): web_url("WebTours") started  	[MsgId: MMSG-26355]
Action.c(43): Error -27792: Failed to connect to server "localhost:1080": [10061] Connection refused  	[MsgId: MERR-27792]
Action.c(43): Error -35048: No match found for the requested parameter "userSession". Check whether the tag with specific attributes exists in the response data  	[MsgId: MERR-35048]
Action.c(43): Error -26366: "Text=Welcome to the Web Tours site." not found for web_reg_find  	[MsgId: MERR-26366]
Action.c(43): Error -26374: The above "not found" error(s) may be explained by header and body byte counts being 0 and 0, respectively.  	[MsgId: MERR-26374]
End auto log messages stack.	[MsgId: MMSG-10544]


Start auto log messages stack - Iteration 64.	[MsgId: MMSG-10545]
Action.c(22): web_add_auto_header("DNT") started  	[MsgId: MMSG-26355]
Action.c(22): web_add_auto_header("DNT") was successful  	[MsgId: MMSG-26392]
Action.c(25): web_add_auto_header("Upgrade-Insecure-Requests") started  	[MsgId: MMSG-26355]
Action.c(25): web_add_auto_header("Upgrade-Insecure-Requests") was successful  	[MsgId: MMSG-26392]
Action.c(29): web_reg_save_param_attrib started  	[MsgId: MMSG-26355]
Action.c(29): Registering web_reg_save_param_attrib was successful  	[MsgId: MMSG-26390]
Action.c(41): web_reg_find started  	[MsgId: MMSG-26355]
Action.c(41): Registering web_reg_find was successful  	[MsgId: MMSG-26390]
Action.c(43): web_url("WebTours") started  	[MsgId: MMSG-26355]
Action.c(43): Error -27792: Failed to connect to server "localhost:1080": [10061] Connection refused  	[MsgId: MERR-27792]
Action.c(43): Error -35048: No match found for the requested parameter "userSession". Check whether the tag with specific attributes exists in the response data  	[MsgId: MERR-35048]
Action.c(43): Error -26366: "Text=Welcome to the Web Tours site." not found for web_reg_find  	[MsgId: MERR-26366]
Action.c(43): Error -26374: The above "not found" error(s) may be explained by header and body byte counts being 0 and 0, respectively.  	[MsgId: MERR-26374]
End auto log messages stack.	[MsgId: MMSG-10544]


Start auto log messages stack - Iteration 65.	[MsgId: MMSG-10545]
Action.c(22): web_add_auto_header("DNT") started  	[MsgId: MMSG-26355]
Action.c(22): web_add_auto_header("DNT") was successful  	[MsgId: MMSG-26392]
Action.c(25): web_add_auto_header("Upgrade-Insecure-Requests") started  	[MsgId: MMSG-26355]
Action.c(25): web_add_auto_header("Upgrade-Insecure-Requests") was successful  	[MsgId: MMSG-26392]
Action.c(29): web_reg_save_param_attrib started  	[MsgId: MMSG-26355]
Action.c(29): Registering web_reg_save_param_attrib was successful  	[MsgId: MMSG-26390]
Action.c(41): web_reg_find started  	[MsgId: MMSG-26355]
Action.c(41): Registering web_reg_find was successful  	[MsgId: MMSG-26390]
Action.c(43): web_url("WebTours") started  	[MsgId: MMSG-26355]
Action.c(43): Error -27792: Failed to connect to server "localhost:1080": [10061] Connection refused  	[MsgId: MERR-27792]
Action.c(43): Error -35048: No match found for the requested parameter "userSession". Check whether the tag with specific attributes exists in the response data  	[MsgId: MERR-35048]
Action.c(43): Error -26366: "Text=Welcome to the Web Tours site." not found for web_reg_find  	[MsgId: MERR-26366]
Action.c(43): Error -26374: The above "not found" error(s) may be explained by header and body byte counts being 0 and 0, respectively.  	[MsgId: MERR-26374]
End auto log messages stack.	[MsgId: MMSG-10544]


Start auto log messages stack - Iteration 65.	[MsgId: MMSG-10545]
Action.c(22): web_add_auto_header("DNT") started  	[MsgId: MMSG-26355]
Action.c(22): web_add_auto_header("DNT") was successful  	[MsgId: MMSG-26392]
Action.c(25): web_add_auto_header("Upgrade-Insecure-Requests") started  	[MsgId: MMSG-26355]
Action.c(25): web_add_auto_header("Upgrade-Insecure-Requests") was successful  	[MsgId: MMSG-26392]
Action.c(29): web_reg_save_param_attrib started  	[MsgId: MMSG-26355]
Action.c(29): Registering web_reg_save_param_attrib was successful  	[MsgId: MMSG-26390]
Action.c(41): web_reg_find started  	[MsgId: MMSG-26355]
Action.c(41): Registering web_reg_find was successful  	[MsgId: MMSG-26390]
Action.c(43): web_url("WebTours") started  	[MsgId: MMSG-26355]
Action.c(43): Error -27792: Failed to connect to server "localhost:1080": [10061] Connection refused  	[MsgId: MERR-27792]
Action.c(43): Error -35048: No match found for the requested parameter "userSession". Check whether the tag with specific attributes exists in the response data  	[MsgId: MERR-35048]
Action.c(43): Error -26366: "Text=Welcome to the Web Tours site." not found for web_reg_find  	[MsgId: MERR-26366]
Action.c(43): Error -26374: The above "not found" error(s) may be explained by header and body byte counts being 0 and 0, respectively.  	[MsgId: MERR-26374]
End auto log messages stack.	[MsgId: MMSG-10544]


Start auto log messages stack - Iteration 63.	[MsgId: MMSG-10545]
Action.c(22): web_add_auto_header("DNT") started  	[MsgId: MMSG-26355]
Action.c(22): web_add_auto_header("DNT") was successful  	[MsgId: MMSG-26392]
Action.c(25): web_add_auto_header("Upgrade-Insecure-Requests") started  	[MsgId: MMSG-26355]
Action.c(25): web_add_auto_header("Upgrade-Insecure-Requests") was successful  	[MsgId: MMSG-26392]
Action.c(29): web_reg_save_param_attrib started  	[MsgId: MMSG-26355]
Action.c(29): Registering web_reg_save_param_attrib was successful  	[MsgId: MMSG-26390]
Action.c(41): web_reg_find started  	[MsgId: MMSG-26355]
Action.c(41): Registering web_reg_find was successful  	[MsgId: MMSG-26390]
Action.c(43): web_url("WebTours") started  	[MsgId: MMSG-26355]
Action.c(43): Error -27792: Failed to connect to server "localhost:1080": [10061] Connection refused  	[MsgId: MERR-27792]
Action.c(43): Error -35048: No match found for the requested parameter "userSession". Check whether the tag with specific attributes exists in the response data  	[MsgId: MERR-35048]
Action.c(43): Error -26366: "Text=Welcome to the Web Tours site." not found for web_reg_find  	[MsgId: MERR-26366]
Action.c(43): Error -26374: The above "not found" error(s) may be explained by header and body byte counts being 0 and 0, respectively.  	[MsgId: MERR-26374]
End auto log messages stack.	[MsgId: MMSG-10544]


Start auto log messages stack - Iteration 66.	[MsgId: MMSG-10545]
Action.c(22): web_add_auto_header("DNT") started  	[MsgId: MMSG-26355]
Action.c(22): web_add_auto_header("DNT") was successful  	[MsgId: MMSG-26392]
Action.c(25): web_add_auto_header("Upgrade-Insecure-Requests") started  	[MsgId: MMSG-26355]
Action.c(25): web_add_auto_header("Upgrade-Insecure-Requests") was successful  	[MsgId: MMSG-26392]
Action.c(29): web_reg_save_param_attrib started  	[MsgId: MMSG-26355]
Action.c(29): Registering web_reg_save_param_attrib was successful  	[MsgId: MMSG-26390]
Action.c(41): web_reg_find started  	[MsgId: MMSG-26355]
Action.c(41): Registering web_reg_find was successful  	[MsgId: MMSG-26390]
Action.c(43): web_url("WebTours") started  	[MsgId: MMSG-26355]
Action.c(43): Error -27792: Failed to connect to server "localhost:1080": [10061] Connection refused  	[MsgId: MERR-27792]
Action.c(43): Error -35048: No match found for the requested parameter "userSession". Check whether the tag with specific attributes exists in the response data  	[MsgId: MERR-35048]
Action.c(43): Error -26366: "Text=Welcome to the Web Tours site." not found for web_reg_find  	[MsgId: MERR-26366]
Action.c(43): Error -26374: The above "not found" error(s) may be explained by header and body byte counts being 0 and 0, respectively.  	[MsgId: MERR-26374]
End auto log messages stack.	[MsgId: MMSG-10544]


Start auto log messages stack - Iteration 64.	[MsgId: MMSG-10545]
Action.c(22): web_add_auto_header("DNT") started  	[MsgId: MMSG-26355]
Action.c(22): web_add_auto_header("DNT") was successful  	[MsgId: MMSG-26392]
Action.c(25): web_add_auto_header("Upgrade-Insecure-Requests") started  	[MsgId: MMSG-26355]
Action.c(25): web_add_auto_header("Upgrade-Insecure-Requests") was successful  	[MsgId: MMSG-26392]
Action.c(29): web_reg_save_param_attrib started  	[MsgId: MMSG-26355]
Action.c(29): Registering web_reg_save_param_attrib was successful  	[MsgId: MMSG-26390]
Action.c(41): web_reg_find started  	[MsgId: MMSG-26355]
Action.c(41): Registering web_reg_find was successful  	[MsgId: MMSG-26390]
Action.c(43): web_url("WebTours") started  	[MsgId: MMSG-26355]
Action.c(43): Error -27792: Failed to connect to server "localhost:1080": [10061] Connection refused  	[MsgId: MERR-27792]
Action.c(43): Error -35048: No match found for the requested parameter "userSession". Check whether the tag with specific attributes exists in the response data  	[MsgId: MERR-35048]
Action.c(43): Error -26366: "Text=Welcome to the Web Tours site." not found for web_reg_find  	[MsgId: MERR-26366]
Action.c(43): Error -26374: The above "not found" error(s) may be explained by header and body byte counts being 0 and 0, respectively.  	[MsgId: MERR-26374]
End auto log messages stack.	[MsgId: MMSG-10544]


Start auto log messages stack - Iteration 65.	[MsgId: MMSG-10545]
Action.c(22): web_add_auto_header("DNT") started  	[MsgId: MMSG-26355]
Action.c(22): web_add_auto_header("DNT") was successful  	[MsgId: MMSG-26392]
Action.c(25): web_add_auto_header("Upgrade-Insecure-Requests") started  	[MsgId: MMSG-26355]
Action.c(25): web_add_auto_header("Upgrade-Insecure-Requests") was successful  	[MsgId: MMSG-26392]
Action.c(29): web_reg_save_param_attrib started  	[MsgId: MMSG-26355]
Action.c(29): Registering web_reg_save_param_attrib was successful  	[MsgId: MMSG-26390]
Action.c(41): web_reg_find started  	[MsgId: MMSG-26355]
Action.c(41): Registering web_reg_find was successful  	[MsgId: MMSG-26390]
Action.c(43): web_url("WebTours") started  	[MsgId: MMSG-26355]
Action.c(43): Error -27792: Failed to connect to server "localhost:1080": [10061] Connection refused  	[MsgId: MERR-27792]
Action.c(43): Error -35048: No match found for the requested parameter "userSession". Check whether the tag with specific attributes exists in the response data  	[MsgId: MERR-35048]
Action.c(43): Error -26366: "Text=Welcome to the Web Tours site." not found for web_reg_find  	[MsgId: MERR-26366]
Action.c(43): Error -26374: The above "not found" error(s) may be explained by header and body byte counts being 0 and 0, respectively.  	[MsgId: MERR-26374]
End auto log messages stack.	[MsgId: MMSG-10544]


